<?xml version="1.0" encoding="utf-8"?>
<TestRun id="7271a0ce-dcca-477d-b83b-c14720cf1eb2" name="@5ac375615ea1 2020-02-15 00:32:56" xmlns="http://microsoft.com/schemas/VisualStudio/TeamTest/2010">
  <Times creation="2020-02-15T00:32:56.2793345+00:00" queuing="2020-02-15T00:32:56.2793346+00:00" start="2020-02-15T00:32:54.4304523+00:00" finish="2020-02-15T00:32:56.3335857+00:00" />
  <TestSettings name="default" id="3b37388a-7975-4d5b-9218-e273d6c77eb3">
    <Deployment runDeploymentRoot="_5ac375615ea1_2020-02-15_00_32_56" />
  </TestSettings>
  <Results>
    <UnitTestResult executionId="a1e71e1c-9f59-4ad1-89de-da5f2e6456ae" testId="8f6b18e4-2adb-473e-c003-0419ba253bd9" testName="LogCorner.EduSync.Speech.Domain.UnitTest.Specs.SpeechUnitTest.InstanciatingMediaFileWithPrivateConstrcutorShouldReturnNotNullInstance" computerName="5ac375615ea1" duration="00:00:00.0003757" startTime="2020-02-15T00:32:56.2539617+00:00" endTime="2020-02-15T00:32:56.2539618+00:00" testType="13cdc9d9-ddb5-4fa4-a97d-d965ccfc6d4b" outcome="Passed" testListId="8c84fa94-04c1-424b-9868-57a2d4851a1d" relativeResultsDirectory="a1e71e1c-9f59-4ad1-89de-da5f2e6456ae" />
    <UnitTestResult executionId="64af73f5-cbb4-477c-aec9-c8e26380cff3" testId="fa67312a-a0d6-bcb4-9dde-0756722fb1d6" testName="LogCorner.EduSync.Speech.Domain.UnitTest.Specs.SpeechUnitTest.CreateMediaWithValidMediaFileRetunrSuccess" computerName="5ac375615ea1" duration="00:00:00.0003947" startTime="2020-02-15T00:32:56.2498937+00:00" endTime="2020-02-15T00:32:56.2498939+00:00" testType="13cdc9d9-ddb5-4fa4-a97d-d965ccfc6d4b" outcome="Passed" testListId="8c84fa94-04c1-424b-9868-57a2d4851a1d" relativeResultsDirectory="64af73f5-cbb4-477c-aec9-c8e26380cff3" />
    <UnitTestResult executionId="42b952d3-d0eb-402e-9643-18d8617bfdeb" testId="ad1bdcd0-9cec-6a85-057b-0811aa099323" testName="LogCorner.EduSync.Speech.Domain.UnitTest.Specs.SpeechUnitTest.RegisterSpeechWithValidDataRaiseDomainEvent(speechType: SpeechType { Value = Conferences })" computerName="5ac375615ea1" duration="00:00:00.0022313" startTime="2020-02-15T00:32:56.2483335+00:00" endTime="2020-02-15T00:32:56.2483345+00:00" testType="13cdc9d9-ddb5-4fa4-a97d-d965ccfc6d4b" outcome="Failed" testListId="8c84fa94-04c1-424b-9868-57a2d4851a1d" relativeResultsDirectory="42b952d3-d0eb-402e-9643-18d8617bfdeb">
      <Output>
        <ErrorInfo>
          <Message>Assert.True() Failure
Expected: True
Actual:   False</Message>
          <StackTrace>   at LogCorner.EduSync.Speech.Domain.UnitTest.Specs.SpeechUnitTest.RegisterSpeechWithValidDataRaiseDomainEvent(SpeechType speechType) in C:\Users\Tocane\source\repos\LogCorner.EduSync.Command\src\LogCorner.EduSync.Speech\LogCorner.EduSync.Speech.Domain.UnitTest\Specs\SpeechUnitTest.cs:line 202</StackTrace>
        </ErrorInfo>
      </Output>
    </UnitTestResult>
    <UnitTestResult executionId="8bd11021-4371-48e4-a4ab-00ed31f8b0cf" testId="376db525-600a-80ed-0460-160721596edf" testName="LogCorner.EduSync.Speech.Domain.UnitTest.Specs.SpeechUnitTest.RegisterSpeechWithTitleMoreThanNCaractersThrowsDomainException" computerName="5ac375615ea1" duration="00:00:00.0002161" startTime="2020-02-15T00:32:56.2548557+00:00" endTime="2020-02-15T00:32:56.2548560+00:00" testType="13cdc9d9-ddb5-4fa4-a97d-d965ccfc6d4b" outcome="Passed" testListId="8c84fa94-04c1-424b-9868-57a2d4851a1d" relativeResultsDirectory="8bd11021-4371-48e4-a4ab-00ed31f8b0cf" />
    <UnitTestResult executionId="c86483de-aa55-4b40-9e58-93d21a72d504" testId="cef738af-fc82-3eb8-835a-7c64aa315619" testName="LogCorner.EduSync.Speech.Domain.UnitTest.Specs.SpeechUnitTest.CreateMediaWithNullMediaFile(speechType: SpeechType { Value = TraingVideo })" computerName="5ac375615ea1" duration="00:00:00.0000329" startTime="2020-02-15T00:32:56.2562927+00:00" endTime="2020-02-15T00:32:56.2562928+00:00" testType="13cdc9d9-ddb5-4fa4-a97d-d965ccfc6d4b" outcome="Passed" testListId="8c84fa94-04c1-424b-9868-57a2d4851a1d" relativeResultsDirectory="c86483de-aa55-4b40-9e58-93d21a72d504" />
    <UnitTestResult executionId="75dad3ee-01cd-4fde-9057-dfdb6468bb4a" testId="2e3a914b-4d15-23c0-ae46-53f7df787d93" testName="LogCorner.EduSync.Speech.Domain.UnitTest.Specs.SpeechEntityUnitTest.EqualityIsFalseWhenObjectsAreDifferentIdentitiesTest" computerName="5ac375615ea1" duration="00:00:00.0005069" startTime="2020-02-15T00:32:56.2022836+00:00" endTime="2020-02-15T00:32:56.2022840+00:00" testType="13cdc9d9-ddb5-4fa4-a97d-d965ccfc6d4b" outcome="Passed" testListId="8c84fa94-04c1-424b-9868-57a2d4851a1d" relativeResultsDirectory="75dad3ee-01cd-4fde-9057-dfdb6468bb4a" />
    <UnitTestResult executionId="f1bb56c7-b01a-456b-af02-30942b0887bb" testId="1bafe1a2-34e3-33f6-f17c-f11101abd457" testName="LogCorner.EduSync.Speech.Domain.UnitTest.Specs.EventSourcingUnitTest.AddDomainEventWithValidVersionThenEventShouldBeAppliedToAggregate" computerName="5ac375615ea1" duration="00:00:00.0002755" startTime="2020-02-15T00:32:56.2411522+00:00" endTime="2020-02-15T00:32:56.2411523+00:00" testType="13cdc9d9-ddb5-4fa4-a97d-d965ccfc6d4b" outcome="Passed" testListId="8c84fa94-04c1-424b-9868-57a2d4851a1d" relativeResultsDirectory="f1bb56c7-b01a-456b-af02-30942b0887bb" />
    <UnitTestResult executionId="82580c60-dd55-4d5e-b0cf-6159bf7f2928" testId="e7493313-bfc8-884f-15ab-72ad931beffe" testName="LogCorner.EduSync.Speech.Domain.UnitTest.Specs.SpeechEntityUnitTest.EqualityIsTrueWhenObjectsAreSameIdentitiesTest" computerName="5ac375615ea1" duration="00:00:00.0465912" startTime="2020-02-15T00:32:56.2017124+00:00" endTime="2020-02-15T00:32:56.2017127+00:00" testType="13cdc9d9-ddb5-4fa4-a97d-d965ccfc6d4b" outcome="Passed" testListId="8c84fa94-04c1-424b-9868-57a2d4851a1d" relativeResultsDirectory="82580c60-dd55-4d5e-b0cf-6159bf7f2928" />
    <UnitTestResult executionId="01c264ce-39dc-4176-a37f-e05f7901ee84" testId="7e37299a-fd8e-fb70-203b-4190c782da6c" testName="LogCorner.EduSync.Speech.Domain.UnitTest.Specs.EventSourcingUnitTest.ClearUncommittedEventsThenUncommittedEventsShouldBeEmpty" computerName="5ac375615ea1" duration="00:00:00.0014420" startTime="2020-02-15T00:32:56.2002782+00:00" endTime="2020-02-15T00:32:56.2002785+00:00" testType="13cdc9d9-ddb5-4fa4-a97d-d965ccfc6d4b" outcome="Passed" testListId="8c84fa94-04c1-424b-9868-57a2d4851a1d" relativeResultsDirectory="01c264ce-39dc-4176-a37f-e05f7901ee84" />
    <UnitTestResult executionId="cdd6fa71-12cf-419b-aae5-0b49bd71cc5c" testId="c91399d2-8d0f-811d-5e3c-0df92e71af82" testName="LogCorner.EduSync.Speech.Domain.UnitTest.Specs.UrlValueObjectUnitTest.EqualityIsTrueWhenObjectsAreSameValuesTest" computerName="5ac375615ea1" duration="00:00:00.0002320" startTime="2020-02-15T00:32:56.2412688+00:00" endTime="2020-02-15T00:32:56.2412690+00:00" testType="13cdc9d9-ddb5-4fa4-a97d-d965ccfc6d4b" outcome="Passed" testListId="8c84fa94-04c1-424b-9868-57a2d4851a1d" relativeResultsDirectory="cdd6fa71-12cf-419b-aae5-0b49bd71cc5c" />
    <UnitTestResult executionId="dff0e163-bef4-4cea-9a64-2245c9212fe1" testId="5e125474-ab01-500a-d416-5636fe3467cb" testName="LogCorner.EduSync.Speech.Domain.UnitTest.Specs.EventSourcingUnitTest.GetUncommittedEventsOfNewAggregateShouldReturnListOfIDomainEvent" computerName="5ac375615ea1" duration="00:00:00.0001103" startTime="2020-02-15T00:32:56.2047450+00:00" endTime="2020-02-15T00:32:56.2047452+00:00" testType="13cdc9d9-ddb5-4fa4-a97d-d965ccfc6d4b" outcome="Passed" testListId="8c84fa94-04c1-424b-9868-57a2d4851a1d" relativeResultsDirectory="dff0e163-bef4-4cea-9a64-2245c9212fe1" />
    <UnitTestResult executionId="4bf7563c-d060-4bcd-8941-5caa414afccb" testId="801f58c3-ef16-bef8-d136-be6768160650" testName="LogCorner.EduSync.Speech.Domain.UnitTest.Specs.EventSourcingUnitTest.AddDomainEventWithValidVersionThenVersionOfEventShouldBeEqualsToCurrentVerSionOfAggregate" computerName="5ac375615ea1" duration="00:00:00.0028415" startTime="2020-02-15T00:32:56.2038741+00:00" endTime="2020-02-15T00:32:56.2038745+00:00" testType="13cdc9d9-ddb5-4fa4-a97d-d965ccfc6d4b" outcome="Passed" testListId="8c84fa94-04c1-424b-9868-57a2d4851a1d" relativeResultsDirectory="4bf7563c-d060-4bcd-8941-5caa414afccb" />
    <UnitTestResult executionId="a45b22ec-72af-4f1c-a3f8-5a7cef2fe44c" testId="7b7c1ed0-a6b6-b04e-8983-5b60d2bcbdc8" testName="LogCorner.EduSync.Speech.Domain.UnitTest.Specs.EventSourcingUnitTest.ValidateVersionWithInvalidExpectedVersionShouldRaiseConcurrencyException" computerName="5ac375615ea1" duration="00:00:00.0003257" startTime="2020-02-15T00:32:56.2044559+00:00" endTime="2020-02-15T00:32:56.2044563+00:00" testType="13cdc9d9-ddb5-4fa4-a97d-d965ccfc6d4b" outcome="Passed" testListId="8c84fa94-04c1-424b-9868-57a2d4851a1d" relativeResultsDirectory="a45b22ec-72af-4f1c-a3f8-5a7cef2fe44c" />
    <UnitTestResult executionId="b4f3114f-8d9f-48f3-8fb0-a4252715d1b6" testId="f92b1a8f-ecce-5f09-f8d6-e198e03f64f7" testName="LogCorner.EduSync.Speech.Domain.UnitTest.Specs.SpeechUnitTest.ChangeTitleWhenTitleIsNullOrEmptyShouldRaiseArgumentNullAggregateException(newTitle: null)" computerName="5ac375615ea1" duration="00:00:00.0000733" startTime="2020-02-15T00:32:56.2397730+00:00" endTime="2020-02-15T00:32:56.2397731+00:00" testType="13cdc9d9-ddb5-4fa4-a97d-d965ccfc6d4b" outcome="Passed" testListId="8c84fa94-04c1-424b-9868-57a2d4851a1d" relativeResultsDirectory="b4f3114f-8d9f-48f3-8fb0-a4252715d1b6" />
    <UnitTestResult executionId="f03f5e76-fe36-42c9-87ff-e45a7ba17465" testId="44832629-3e87-7086-3d1f-10aa26bfddcc" testName="LogCorner.EduSync.Speech.Domain.UnitTest.Specs.EventSourcingUnitTest.AddDomainEventWithValidVersionThenUncommittedEventsShouldBeSingle" computerName="5ac375615ea1" duration="00:00:00.0003734" startTime="2020-02-15T00:32:56.2008466+00:00" endTime="2020-02-15T00:32:56.2008469+00:00" testType="13cdc9d9-ddb5-4fa4-a97d-d965ccfc6d4b" outcome="Passed" testListId="8c84fa94-04c1-424b-9868-57a2d4851a1d" relativeResultsDirectory="f03f5e76-fe36-42c9-87ff-e45a7ba17465" />
    <UnitTestResult executionId="6177d954-cca3-44e1-8b7e-1126a43f9861" testId="08f94b60-a3b4-0a00-ff27-b86fccd40b79" testName="LogCorner.EduSync.Speech.Domain.UnitTest.Specs.UrlValueObjectUnitTest.EqualityIsFalseWhenObjectsAreDifferentValuesTest" computerName="5ac375615ea1" duration="00:00:00.0001190" startTime="2020-02-15T00:32:56.2412093+00:00" endTime="2020-02-15T00:32:56.2412094+00:00" testType="13cdc9d9-ddb5-4fa4-a97d-d965ccfc6d4b" outcome="Passed" testListId="8c84fa94-04c1-424b-9868-57a2d4851a1d" relativeResultsDirectory="6177d954-cca3-44e1-8b7e-1126a43f9861" />
    <UnitTestResult executionId="053bac89-c125-4976-a54a-7dbf2526a9a8" testId="9ada8ac2-4ed7-4553-2606-9d9328690317" testName="LogCorner.EduSync.Speech.Domain.UnitTest.Specs.SpeechUnitTest.RegisterSpeechWithInvalidTypeThrowsDomainException" computerName="5ac375615ea1" duration="00:00:00.0004617" startTime="2020-02-15T00:32:56.2410638+00:00" endTime="2020-02-15T00:32:56.2410640+00:00" testType="13cdc9d9-ddb5-4fa4-a97d-d965ccfc6d4b" outcome="Passed" testListId="8c84fa94-04c1-424b-9868-57a2d4851a1d" relativeResultsDirectory="053bac89-c125-4976-a54a-7dbf2526a9a8" />
    <UnitTestResult executionId="f87342fb-a208-4b40-94c3-5222040a5faf" testId="8f393ebc-258b-c3b0-ea5e-4ef77bb3b960" testName="LogCorner.EduSync.Speech.Domain.UnitTest.Specs.SpeechUnitTest.ChangeTitleWhenTitleIsNullOrEmptyShouldRaiseArgumentNullAggregateException(newTitle: &quot;&quot;)" computerName="5ac375615ea1" duration="00:00:00.0000505" startTime="2020-02-15T00:32:56.2398051+00:00" endTime="2020-02-15T00:32:56.2398051+00:00" testType="13cdc9d9-ddb5-4fa4-a97d-d965ccfc6d4b" outcome="Passed" testListId="8c84fa94-04c1-424b-9868-57a2d4851a1d" relativeResultsDirectory="f87342fb-a208-4b40-94c3-5222040a5faf" />
    <UnitTestResult executionId="415941c0-a6c6-484e-94b6-a1a483e4c840" testId="c15efebe-c6b1-77e9-d548-03e16a6d49b0" testName="LogCorner.EduSync.Speech.Domain.UnitTest.Specs.SpeechUnitTest.RegisterSpeechWithTitleLessThanNCaractersThrowsDomainException" computerName="5ac375615ea1" duration="00:00:00.0002191" startTime="2020-02-15T00:32:56.2546379+00:00" endTime="2020-02-15T00:32:56.2546381+00:00" testType="13cdc9d9-ddb5-4fa4-a97d-d965ccfc6d4b" outcome="Passed" testListId="8c84fa94-04c1-424b-9868-57a2d4851a1d" relativeResultsDirectory="415941c0-a6c6-484e-94b6-a1a483e4c840" />
    <UnitTestResult executionId="66e5ad62-4732-4c68-bbe9-37cb18c51df1" testId="cef738af-fc82-3eb8-835a-7c64aa315619" testName="LogCorner.EduSync.Speech.Domain.UnitTest.Specs.SpeechUnitTest.CreateMediaWithNullMediaFile(speechType: SpeechType { Value = SelfPacedLabs })" computerName="5ac375615ea1" duration="00:00:00.0000472" startTime="2020-02-15T00:32:56.2562707+00:00" endTime="2020-02-15T00:32:56.2562707+00:00" testType="13cdc9d9-ddb5-4fa4-a97d-d965ccfc6d4b" outcome="Passed" testListId="8c84fa94-04c1-424b-9868-57a2d4851a1d" relativeResultsDirectory="66e5ad62-4732-4c68-bbe9-37cb18c51df1" />
    <UnitTestResult executionId="14e83143-56e5-4329-af8b-9088292f2ab8" testId="d685edf8-4a8e-c231-a636-73c1e7b1728f" testName="LogCorner.EduSync.Speech.Domain.UnitTest.Specs.SpeechUnitTest.RegisterSpeechWithValidDataReturnsSuccess(speechType: SpeechType { Value = TraingVideo })" computerName="5ac375615ea1" duration="00:00:00.0000075" startTime="2020-02-15T00:32:56.2547283+00:00" endTime="2020-02-15T00:32:56.2547283+00:00" testType="13cdc9d9-ddb5-4fa4-a97d-d965ccfc6d4b" outcome="Passed" testListId="8c84fa94-04c1-424b-9868-57a2d4851a1d" relativeResultsDirectory="14e83143-56e5-4329-af8b-9088292f2ab8" />
    <UnitTestResult executionId="e92898dd-d9be-4cf2-9c1b-2665b2565957" testId="3827cbea-ca16-bbcb-9069-4c943a61b196" testName="LogCorner.EduSync.Speech.Domain.UnitTest.Specs.SpeechTypeValueObjectUnitTest.EqualityIsTrueWhenObjectsAreSameValuesTest" computerName="5ac375615ea1" duration="00:00:00.0003014" startTime="2020-02-15T00:32:56.2413833+00:00" endTime="2020-02-15T00:32:56.2413835+00:00" testType="13cdc9d9-ddb5-4fa4-a97d-d965ccfc6d4b" outcome="Passed" testListId="8c84fa94-04c1-424b-9868-57a2d4851a1d" relativeResultsDirectory="e92898dd-d9be-4cf2-9c1b-2665b2565957" />
    <UnitTestResult executionId="9776cf2a-f8a4-4287-a973-8a28fc9adb1d" testId="820b38f8-d8c2-d048-fd23-f99240d6909c" testName="LogCorner.EduSync.Speech.Domain.UnitTest.Specs.SpeechUnitTest.ChangeTitleWhenTitleIsNullOrEmptyShouldRaiseArgumentNullAggregateException(newTitle: &quot; &quot;)" computerName="5ac375615ea1" duration="00:00:00.0016621" startTime="2020-02-15T00:32:56.2397402+00:00" endTime="2020-02-15T00:32:56.2397403+00:00" testType="13cdc9d9-ddb5-4fa4-a97d-d965ccfc6d4b" outcome="Passed" testListId="8c84fa94-04c1-424b-9868-57a2d4851a1d" relativeResultsDirectory="9776cf2a-f8a4-4287-a973-8a28fc9adb1d" />
    <UnitTestResult executionId="74e50401-7ebe-41ad-a2f4-90ea3d3f18bf" testId="cad40f74-99aa-2947-5c01-e6b371d60866" testName="LogCorner.EduSync.Speech.Domain.UnitTest.Specs.EventSourcingUnitTest.AddDomainEventWithInvalidVesrionShouldRaiseConncurrencyException" computerName="5ac375615ea1" duration="00:00:00.0047913" startTime="2020-02-15T00:32:56.1639694+00:00" endTime="2020-02-15T00:32:56.1640238+00:00" testType="13cdc9d9-ddb5-4fa4-a97d-d965ccfc6d4b" outcome="Passed" testListId="8c84fa94-04c1-424b-9868-57a2d4851a1d" relativeResultsDirectory="74e50401-7ebe-41ad-a2f4-90ea3d3f18bf" />
    <UnitTestResult executionId="7f8fde76-817d-4dd3-acb5-856429bedcee" testId="d685edf8-4a8e-c231-a636-73c1e7b1728f" testName="LogCorner.EduSync.Speech.Domain.UnitTest.Specs.SpeechUnitTest.RegisterSpeechWithValidDataReturnsSuccess(speechType: SpeechType { Value = SelfPacedLabs })" computerName="5ac375615ea1" duration="00:00:00.0000244" startTime="2020-02-15T00:32:56.2547065+00:00" endTime="2020-02-15T00:32:56.2547066+00:00" testType="13cdc9d9-ddb5-4fa4-a97d-d965ccfc6d4b" outcome="Passed" testListId="8c84fa94-04c1-424b-9868-57a2d4851a1d" relativeResultsDirectory="7f8fde76-817d-4dd3-acb5-856429bedcee" />
    <UnitTestResult executionId="b3834df0-f29c-492c-b1fe-8368849642eb" testId="ad1bdcd0-9cec-6a85-057b-0811aa099323" testName="LogCorner.EduSync.Speech.Domain.UnitTest.Specs.SpeechUnitTest.RegisterSpeechWithValidDataRaiseDomainEvent(speechType: SpeechType { Value = TraingVideo })" computerName="5ac375615ea1" duration="00:00:00.0001812" startTime="2020-02-15T00:32:56.2497991+00:00" endTime="2020-02-15T00:32:56.2497993+00:00" testType="13cdc9d9-ddb5-4fa4-a97d-d965ccfc6d4b" outcome="Failed" testListId="8c84fa94-04c1-424b-9868-57a2d4851a1d" relativeResultsDirectory="b3834df0-f29c-492c-b1fe-8368849642eb">
      <Output>
        <ErrorInfo>
          <Message>Assert.True() Failure
Expected: True
Actual:   False</Message>
          <StackTrace>   at LogCorner.EduSync.Speech.Domain.UnitTest.Specs.SpeechUnitTest.RegisterSpeechWithValidDataRaiseDomainEvent(SpeechType speechType) in C:\Users\Tocane\source\repos\LogCorner.EduSync.Command\src\LogCorner.EduSync.Speech\LogCorner.EduSync.Speech.Domain.UnitTest\Specs\SpeechUnitTest.cs:line 202</StackTrace>
        </ErrorInfo>
      </Output>
    </UnitTestResult>
    <UnitTestResult executionId="cac9862c-eec6-460d-a79a-c7ff6b20e479" testId="ad1bdcd0-9cec-6a85-057b-0811aa099323" testName="LogCorner.EduSync.Speech.Domain.UnitTest.Specs.SpeechUnitTest.RegisterSpeechWithValidDataRaiseDomainEvent(speechType: SpeechType { Value = SelfPacedLabs })" computerName="5ac375615ea1" duration="00:00:00.0002360" startTime="2020-02-15T00:32:56.2489795+00:00" endTime="2020-02-15T00:32:56.2489798+00:00" testType="13cdc9d9-ddb5-4fa4-a97d-d965ccfc6d4b" outcome="Failed" testListId="8c84fa94-04c1-424b-9868-57a2d4851a1d" relativeResultsDirectory="cac9862c-eec6-460d-a79a-c7ff6b20e479">
      <Output>
        <ErrorInfo>
          <Message>Assert.True() Failure
Expected: True
Actual:   False</Message>
          <StackTrace>   at LogCorner.EduSync.Speech.Domain.UnitTest.Specs.SpeechUnitTest.RegisterSpeechWithValidDataRaiseDomainEvent(SpeechType speechType) in C:\Users\Tocane\source\repos\LogCorner.EduSync.Command\src\LogCorner.EduSync.Speech\LogCorner.EduSync.Speech.Domain.UnitTest\Specs\SpeechUnitTest.cs:line 202</StackTrace>
        </ErrorInfo>
      </Output>
    </UnitTestResult>
    <UnitTestResult executionId="728c2b27-8b1a-4783-9fc4-319d08a0bfb4" testId="d592447e-f135-7a7a-ed33-0ae09b65c67d" testName="LogCorner.EduSync.Speech.Domain.UnitTest.Specs.SpeechUnitTest.RegisterSpeechWithDescriptionNullThrowsDomainException" computerName="5ac375615ea1" duration="00:00:00.0002926" startTime="2020-02-15T00:32:56.2547678+00:00" endTime="2020-02-15T00:32:56.2547678+00:00" testType="13cdc9d9-ddb5-4fa4-a97d-d965ccfc6d4b" outcome="Passed" testListId="8c84fa94-04c1-424b-9868-57a2d4851a1d" relativeResultsDirectory="728c2b27-8b1a-4783-9fc4-319d08a0bfb4" />
    <UnitTestResult executionId="43ab5b4a-21f2-4506-b3b5-fb4ab50c3888" testId="950d3e2d-a2cf-b8cd-f908-037be2d17b05" testName="LogCorner.EduSync.Speech.Domain.UnitTest.Specs.DescriptionValueObjectUnitTest.EqualityIsTrueWhenObjectsAreSameValuesTest" computerName="5ac375615ea1" duration="00:00:00.0003073" startTime="2020-02-15T00:32:56.2395332+00:00" endTime="2020-02-15T00:32:56.2395336+00:00" testType="13cdc9d9-ddb5-4fa4-a97d-d965ccfc6d4b" outcome="Passed" testListId="8c84fa94-04c1-424b-9868-57a2d4851a1d" relativeResultsDirectory="43ab5b4a-21f2-4506-b3b5-fb4ab50c3888" />
    <UnitTestResult executionId="805b57c0-723b-400c-a637-10f0d5352b9d" testId="cfee93c5-b024-4300-1eaa-9a615d2dee18" testName="LogCorner.EduSync.Speech.Domain.UnitTest.Specs.EventSourcingUnitTest.ValidateVersionWithValidExpectedVersionThenExpectedVersionShouldBeEqualsToAggregateVersion" computerName="5ac375615ea1" duration="00:00:00.0001055" startTime="2020-02-15T00:32:56.2411074+00:00" endTime="2020-02-15T00:32:56.2411075+00:00" testType="13cdc9d9-ddb5-4fa4-a97d-d965ccfc6d4b" outcome="Passed" testListId="8c84fa94-04c1-424b-9868-57a2d4851a1d" relativeResultsDirectory="805b57c0-723b-400c-a637-10f0d5352b9d" />
    <UnitTestResult executionId="1598d6e8-7262-404e-ad4a-33524aed7f8b" testId="e33b6148-9736-344f-a251-057b9b765a8a" testName="LogCorner.EduSync.Speech.Domain.UnitTest.Specs.SpeechUnitTest.RegisterSpeechWithDescriptionMoreThanNCaractersThrowsDomainException" computerName="5ac375615ea1" duration="00:00:00.0002808" startTime="2020-02-15T00:32:56.2554252+00:00" endTime="2020-02-15T00:32:56.2554255+00:00" testType="13cdc9d9-ddb5-4fa4-a97d-d965ccfc6d4b" outcome="Passed" testListId="8c84fa94-04c1-424b-9868-57a2d4851a1d" relativeResultsDirectory="1598d6e8-7262-404e-ad4a-33524aed7f8b" />
    <UnitTestResult executionId="d619bb9f-bf85-4c86-b4de-70e9fb39737e" testId="e8d9ea37-4d88-e78c-62b1-19cd8f5f9666" testName="LogCorner.EduSync.Speech.Domain.UnitTest.Specs.TitleValueObjectUnitTest.EqualityIsTrueWhenObjectsAreSameValuesTest" computerName="5ac375615ea1" duration="00:00:00.0002499" startTime="2020-02-15T00:32:56.2396395+00:00" endTime="2020-02-15T00:32:56.2396396+00:00" testType="13cdc9d9-ddb5-4fa4-a97d-d965ccfc6d4b" outcome="Passed" testListId="8c84fa94-04c1-424b-9868-57a2d4851a1d" relativeResultsDirectory="d619bb9f-bf85-4c86-b4de-70e9fb39737e" />
    <UnitTestResult executionId="0c598b27-4986-40ed-84ec-36680ad1e489" testId="2e227548-fee5-7851-6dba-abb6813d9dd3" testName="LogCorner.EduSync.Speech.Domain.UnitTest.Specs.SpeechUnitTest.RegisterSpeechWithNullTypeThrowsDomainException" computerName="5ac375615ea1" duration="00:00:00.0002477" startTime="2020-02-15T00:32:56.2540024+00:00" endTime="2020-02-15T00:32:56.2540025+00:00" testType="13cdc9d9-ddb5-4fa4-a97d-d965ccfc6d4b" outcome="Passed" testListId="8c84fa94-04c1-424b-9868-57a2d4851a1d" relativeResultsDirectory="0c598b27-4986-40ed-84ec-36680ad1e489" />
    <UnitTestResult executionId="445937dc-861c-4b12-8b5d-73b88adc2bdb" testId="a44d164e-839a-1422-4a85-5ea5cdf60878" testName="LogCorner.EduSync.Speech.Domain.UnitTest.Specs.DescriptionValueObjectUnitTest.EqualityIsFalseWhenObjectsAreDifferentValuesTest" computerName="5ac375615ea1" duration="00:00:00.0000831" startTime="2020-02-15T00:32:56.2395831+00:00" endTime="2020-02-15T00:32:56.2395832+00:00" testType="13cdc9d9-ddb5-4fa4-a97d-d965ccfc6d4b" outcome="Passed" testListId="8c84fa94-04c1-424b-9868-57a2d4851a1d" relativeResultsDirectory="445937dc-861c-4b12-8b5d-73b88adc2bdb" />
    <UnitTestResult executionId="2955052b-92d4-4b44-a8d1-5b159340d9ce" testId="53793be9-c221-5c5b-e918-b3df4902c4fa" testName="LogCorner.EduSync.Speech.Domain.UnitTest.Specs.SpeechUnitTest.RegisterSpeechWithNullUrlThrowsDomainException" computerName="5ac375615ea1" duration="00:00:00.0102718" startTime="2020-02-15T00:32:56.2499539+00:00" endTime="2020-02-15T00:32:56.2499541+00:00" testType="13cdc9d9-ddb5-4fa4-a97d-d965ccfc6d4b" outcome="Passed" testListId="8c84fa94-04c1-424b-9868-57a2d4851a1d" relativeResultsDirectory="2955052b-92d4-4b44-a8d1-5b159340d9ce" />
    <UnitTestResult executionId="14c3b8a1-3655-4066-80e7-27435600aa5f" testId="329256be-2f3d-a4c6-7561-63c56d5f3372" testName="LogCorner.EduSync.Speech.Domain.UnitTest.Specs.SpeechUnitTest.ChangeTitleWhenExpectedVersionIsNotEqualsToAggregateVersionShouldRaiseConcurrencyException" computerName="5ac375615ea1" duration="00:00:00.0003044" startTime="2020-02-15T00:32:56.2538986+00:00" endTime="2020-02-15T00:32:56.2538992+00:00" testType="13cdc9d9-ddb5-4fa4-a97d-d965ccfc6d4b" outcome="Passed" testListId="8c84fa94-04c1-424b-9868-57a2d4851a1d" relativeResultsDirectory="14c3b8a1-3655-4066-80e7-27435600aa5f" />
    <UnitTestResult executionId="1d2b8f97-d392-485c-a06b-954085df3077" testId="ad79f9de-e846-b4e8-eaa7-2053282605ea" testName="LogCorner.EduSync.Speech.Domain.UnitTest.Specs.SpeechUnitTest.RegisterSpeechWithTitleNullThrowsDomainException" computerName="5ac375615ea1" duration="00:00:00.0002062" startTime="2020-02-15T00:32:56.2551061+00:00" endTime="2020-02-15T00:32:56.2551063+00:00" testType="13cdc9d9-ddb5-4fa4-a97d-d965ccfc6d4b" outcome="Passed" testListId="8c84fa94-04c1-424b-9868-57a2d4851a1d" relativeResultsDirectory="1d2b8f97-d392-485c-a06b-954085df3077" />
    <UnitTestResult executionId="9dd85a4f-e8f2-4673-a8e9-80c53c4ac83d" testId="1c8c4305-11ba-15f0-f043-a1a3d7746e3a" testName="LogCorner.EduSync.Speech.Domain.UnitTest.Specs.EventSourcingUnitTest.ApplyEventShouldPopulateAggregatePropertiesWithEventProperties" computerName="5ac375615ea1" duration="00:00:00.0303628" startTime="2020-02-15T00:32:56.1985897+00:00" endTime="2020-02-15T00:32:56.1985907+00:00" testType="13cdc9d9-ddb5-4fa4-a97d-d965ccfc6d4b" outcome="Passed" testListId="8c84fa94-04c1-424b-9868-57a2d4851a1d" relativeResultsDirectory="9dd85a4f-e8f2-4673-a8e9-80c53c4ac83d" />
    <UnitTestResult executionId="9afe2c50-1fe9-4e3f-9250-cc83bb842caa" testId="e67b692d-3cb9-0698-ae09-dd60605c04d7" testName="LogCorner.EduSync.Speech.Domain.UnitTest.Specs.SpeechUnitTest.ChangeTitleWithValiidArgumentsShouldApplySpeechTitleChangedEvent" computerName="5ac375615ea1" duration="00:00:00.0016837" startTime="2020-02-15T00:32:56.2398849+00:00" endTime="2020-02-15T00:32:56.2398850+00:00" testType="13cdc9d9-ddb5-4fa4-a97d-d965ccfc6d4b" outcome="Passed" testListId="8c84fa94-04c1-424b-9868-57a2d4851a1d" relativeResultsDirectory="9afe2c50-1fe9-4e3f-9250-cc83bb842caa" />
    <UnitTestResult executionId="92a364b3-b757-481a-ac9b-b23ddb99242f" testId="5c0ab9d3-f500-b898-e308-9d7c8969a180" testName="LogCorner.EduSync.Speech.Domain.UnitTest.Specs.SpeechUnitTest.RegisterSpeechWithEmptyUrlThrowsDomainException" computerName="5ac375615ea1" duration="00:00:00.0004371" startTime="2020-02-15T00:32:56.2398447+00:00" endTime="2020-02-15T00:32:56.2398449+00:00" testType="13cdc9d9-ddb5-4fa4-a97d-d965ccfc6d4b" outcome="Passed" testListId="8c84fa94-04c1-424b-9868-57a2d4851a1d" relativeResultsDirectory="92a364b3-b757-481a-ac9b-b23ddb99242f" />
    <UnitTestResult executionId="a9c64e68-6cfd-4bd4-9e75-227239664373" testId="fa570406-cfa7-0add-b49e-c9a4a06a54b5" testName="LogCorner.EduSync.Speech.Domain.UnitTest.Specs.SpeechTypeValueObjectUnitTest.EqualityIsFalseWhenObjectsAreDifferentValuesTest" computerName="5ac375615ea1" duration="00:00:00.0002962" startTime="2020-02-15T00:32:56.2413327+00:00" endTime="2020-02-15T00:32:56.2413328+00:00" testType="13cdc9d9-ddb5-4fa4-a97d-d965ccfc6d4b" outcome="Passed" testListId="8c84fa94-04c1-424b-9868-57a2d4851a1d" relativeResultsDirectory="a9c64e68-6cfd-4bd4-9e75-227239664373" />
    <UnitTestResult executionId="1e49a3e2-7c51-4ffa-8bff-6afe9e91c2dc" testId="eced04a6-d386-8ab1-8bd6-cd84fd66a984" testName="LogCorner.EduSync.Speech.Domain.UnitTest.Specs.SpeechUnitTest.RegisterSpeechWithDescriptionLessThanNCaractersThrowsDomainException" computerName="5ac375615ea1" duration="00:00:00.0004669" startTime="2020-02-15T00:32:56.2540425+00:00" endTime="2020-02-15T00:32:56.2540426+00:00" testType="13cdc9d9-ddb5-4fa4-a97d-d965ccfc6d4b" outcome="Passed" testListId="8c84fa94-04c1-424b-9868-57a2d4851a1d" relativeResultsDirectory="1e49a3e2-7c51-4ffa-8bff-6afe9e91c2dc" />
    <UnitTestResult executionId="385b67ca-cc72-4a02-a9d4-ae4799819672" testId="5dbad467-980c-95c4-690b-f5cc3fbdda57" testName="LogCorner.EduSync.Speech.Domain.UnitTest.Specs.SpeechUnitTest.CreateMediaWithValidVersionReturnSuccess" computerName="5ac375615ea1" duration="00:00:00.0019309" startTime="2020-02-15T00:32:56.2498517+00:00" endTime="2020-02-15T00:32:56.2498518+00:00" testType="13cdc9d9-ddb5-4fa4-a97d-d965ccfc6d4b" outcome="Passed" testListId="8c84fa94-04c1-424b-9868-57a2d4851a1d" relativeResultsDirectory="385b67ca-cc72-4a02-a9d4-ae4799819672" />
    <UnitTestResult executionId="f4f775ab-adca-4e67-9145-a1a05279806d" testId="811b8100-e768-8731-4201-4c102e08a963" testName="LogCorner.EduSync.Speech.Domain.UnitTest.Specs.TitleValueObjectUnitTest.EqualityIsFalseWhenObjectsAreDifferentValuesTest" computerName="5ac375615ea1" duration="00:00:00.0000933" startTime="2020-02-15T00:32:56.2396834+00:00" endTime="2020-02-15T00:32:56.2396835+00:00" testType="13cdc9d9-ddb5-4fa4-a97d-d965ccfc6d4b" outcome="Passed" testListId="8c84fa94-04c1-424b-9868-57a2d4851a1d" relativeResultsDirectory="f4f775ab-adca-4e67-9145-a1a05279806d" />
    <UnitTestResult executionId="d41cb8df-d47e-4e9e-8864-84ed5eb5777d" testId="63cbba69-7049-b1ba-00d5-3f7c84f6bd88" testName="LogCorner.EduSync.Speech.Domain.UnitTest.Specs.SpeechUnitTest.RegisterSpeechWithInvalidUrlThrowsDomainException" computerName="5ac375615ea1" duration="00:00:00.0002755" startTime="2020-02-15T00:32:56.2557428+00:00" endTime="2020-02-15T00:32:56.2557430+00:00" testType="13cdc9d9-ddb5-4fa4-a97d-d965ccfc6d4b" outcome="Passed" testListId="8c84fa94-04c1-424b-9868-57a2d4851a1d" relativeResultsDirectory="d41cb8df-d47e-4e9e-8864-84ed5eb5777d" />
    <UnitTestResult executionId="c7a0080d-a358-40f8-9f98-7aeff18d3b53" testId="cef738af-fc82-3eb8-835a-7c64aa315619" testName="LogCorner.EduSync.Speech.Domain.UnitTest.Specs.SpeechUnitTest.CreateMediaWithNullMediaFile(speechType: SpeechType { Value = Conferences })" computerName="5ac375615ea1" duration="00:00:00.0002279" startTime="2020-02-15T00:32:56.2562454+00:00" endTime="2020-02-15T00:32:56.2562457+00:00" testType="13cdc9d9-ddb5-4fa4-a97d-d965ccfc6d4b" outcome="Passed" testListId="8c84fa94-04c1-424b-9868-57a2d4851a1d" relativeResultsDirectory="c7a0080d-a358-40f8-9f98-7aeff18d3b53" />
    <UnitTestResult executionId="a35c821f-d394-4d42-9d01-05cf491faf8b" testId="d685edf8-4a8e-c231-a636-73c1e7b1728f" testName="LogCorner.EduSync.Speech.Domain.UnitTest.Specs.SpeechUnitTest.RegisterSpeechWithValidDataReturnsSuccess(speechType: SpeechType { Value = Conferences })" computerName="5ac375615ea1" duration="00:00:00.0017693" startTime="2020-02-15T00:32:56.2546833+00:00" endTime="2020-02-15T00:32:56.2546834+00:00" testType="13cdc9d9-ddb5-4fa4-a97d-d965ccfc6d4b" outcome="Passed" testListId="8c84fa94-04c1-424b-9868-57a2d4851a1d" relativeResultsDirectory="a35c821f-d394-4d42-9d01-05cf491faf8b" />
    <UnitTestResult executionId="7ed8257f-c21d-4b74-b906-227ff5d8437e" testId="68d67ed8-2c71-0766-85f9-a75c1c5300f2" testName="LogCorner.EduSync.Speech.Domain.UnitTest.Specs.SpeechUnitTest.CreateMediaWithExistingMedaiShouldNotApplyEvent" computerName="5ac375615ea1" duration="00:00:00.0006238" startTime="2020-02-15T00:32:56.2502405+00:00" endTime="2020-02-15T00:32:56.2502407+00:00" testType="13cdc9d9-ddb5-4fa4-a97d-d965ccfc6d4b" outcome="Passed" testListId="8c84fa94-04c1-424b-9868-57a2d4851a1d" relativeResultsDirectory="7ed8257f-c21d-4b74-b906-227ff5d8437e" />
    <UnitTestResult executionId="0d12bf79-daf3-481f-af30-8fa4f230a963" testId="9d1c9fe0-b383-64a9-834c-8270233e6288" testName="LogCorner.EduSync.Speech.Domain.UnitTest.Specs.SpeechUnitTest.CreateMediaWithInvalidVersion" computerName="5ac375615ea1" duration="00:00:00.0007318" startTime="2020-02-15T00:32:56.2409544+00:00" endTime="2020-02-15T00:32:56.2409547+00:00" testType="13cdc9d9-ddb5-4fa4-a97d-d965ccfc6d4b" outcome="Passed" testListId="8c84fa94-04c1-424b-9868-57a2d4851a1d" relativeResultsDirectory="0d12bf79-daf3-481f-af30-8fa4f230a963" />
  </Results>
  <TestDefinitions>
    <UnitTest name="LogCorner.EduSync.Speech.Domain.UnitTest.Specs.EventSourcingUnitTest.ValidateVersionWithInvalidExpectedVersionShouldRaiseConcurrencyException" storage="/src/logcorner.edusync.speech/logcorner.edusync.speech.domain.unittest/bin/debug/netcoreapp3.1/logcorner.edusync.speech.domain.unittest.dll" id="7b7c1ed0-a6b6-b04e-8983-5b60d2bcbdc8">
      <Execution id="a45b22ec-72af-4f1c-a3f8-5a7cef2fe44c" />
      <TestMethod codeBase="/src/LogCorner.EduSync.Speech/LogCorner.EduSync.Speech.Domain.UnitTest/bin/Debug/netcoreapp3.1/LogCorner.EduSync.Speech.Domain.UnitTest.dll" adapterTypeName="executor://xunit/VsTestRunner2/netcoreapp" className="LogCorner.EduSync.Speech.Domain.UnitTest.Specs.EventSourcingUnitTest" name="LogCorner.EduSync.Speech.Domain.UnitTest.Specs.EventSourcingUnitTest.ValidateVersionWithInvalidExpectedVersionShouldRaiseConcurrencyException" />
    </UnitTest>
    <UnitTest name="LogCorner.EduSync.Speech.Domain.UnitTest.Specs.SpeechUnitTest.RegisterSpeechWithDescriptionNullThrowsDomainException" storage="/src/logcorner.edusync.speech/logcorner.edusync.speech.domain.unittest/bin/debug/netcoreapp3.1/logcorner.edusync.speech.domain.unittest.dll" id="d592447e-f135-7a7a-ed33-0ae09b65c67d">
      <Execution id="728c2b27-8b1a-4783-9fc4-319d08a0bfb4" />
      <TestMethod codeBase="/src/LogCorner.EduSync.Speech/LogCorner.EduSync.Speech.Domain.UnitTest/bin/Debug/netcoreapp3.1/LogCorner.EduSync.Speech.Domain.UnitTest.dll" adapterTypeName="executor://xunit/VsTestRunner2/netcoreapp" className="LogCorner.EduSync.Speech.Domain.UnitTest.Specs.SpeechUnitTest" name="LogCorner.EduSync.Speech.Domain.UnitTest.Specs.SpeechUnitTest.RegisterSpeechWithDescriptionNullThrowsDomainException" />
    </UnitTest>
    <UnitTest name="LogCorner.EduSync.Speech.Domain.UnitTest.Specs.SpeechUnitTest.RegisterSpeechWithTitleMoreThanNCaractersThrowsDomainException" storage="/src/logcorner.edusync.speech/logcorner.edusync.speech.domain.unittest/bin/debug/netcoreapp3.1/logcorner.edusync.speech.domain.unittest.dll" id="376db525-600a-80ed-0460-160721596edf">
      <Execution id="8bd11021-4371-48e4-a4ab-00ed31f8b0cf" />
      <TestMethod codeBase="/src/LogCorner.EduSync.Speech/LogCorner.EduSync.Speech.Domain.UnitTest/bin/Debug/netcoreapp3.1/LogCorner.EduSync.Speech.Domain.UnitTest.dll" adapterTypeName="executor://xunit/VsTestRunner2/netcoreapp" className="LogCorner.EduSync.Speech.Domain.UnitTest.Specs.SpeechUnitTest" name="LogCorner.EduSync.Speech.Domain.UnitTest.Specs.SpeechUnitTest.RegisterSpeechWithTitleMoreThanNCaractersThrowsDomainException" />
    </UnitTest>
    <UnitTest name="LogCorner.EduSync.Speech.Domain.UnitTest.Specs.SpeechUnitTest.ChangeTitleWhenExpectedVersionIsNotEqualsToAggregateVersionShouldRaiseConcurrencyException" storage="/src/logcorner.edusync.speech/logcorner.edusync.speech.domain.unittest/bin/debug/netcoreapp3.1/logcorner.edusync.speech.domain.unittest.dll" id="329256be-2f3d-a4c6-7561-63c56d5f3372">
      <Execution id="14c3b8a1-3655-4066-80e7-27435600aa5f" />
      <TestMethod codeBase="/src/LogCorner.EduSync.Speech/LogCorner.EduSync.Speech.Domain.UnitTest/bin/Debug/netcoreapp3.1/LogCorner.EduSync.Speech.Domain.UnitTest.dll" adapterTypeName="executor://xunit/VsTestRunner2/netcoreapp" className="LogCorner.EduSync.Speech.Domain.UnitTest.Specs.SpeechUnitTest" name="LogCorner.EduSync.Speech.Domain.UnitTest.Specs.SpeechUnitTest.ChangeTitleWhenExpectedVersionIsNotEqualsToAggregateVersionShouldRaiseConcurrencyException" />
    </UnitTest>
    <UnitTest name="LogCorner.EduSync.Speech.Domain.UnitTest.Specs.SpeechUnitTest.RegisterSpeechWithTitleNullThrowsDomainException" storage="/src/logcorner.edusync.speech/logcorner.edusync.speech.domain.unittest/bin/debug/netcoreapp3.1/logcorner.edusync.speech.domain.unittest.dll" id="ad79f9de-e846-b4e8-eaa7-2053282605ea">
      <Execution id="1d2b8f97-d392-485c-a06b-954085df3077" />
      <TestMethod codeBase="/src/LogCorner.EduSync.Speech/LogCorner.EduSync.Speech.Domain.UnitTest/bin/Debug/netcoreapp3.1/LogCorner.EduSync.Speech.Domain.UnitTest.dll" adapterTypeName="executor://xunit/VsTestRunner2/netcoreapp" className="LogCorner.EduSync.Speech.Domain.UnitTest.Specs.SpeechUnitTest" name="LogCorner.EduSync.Speech.Domain.UnitTest.Specs.SpeechUnitTest.RegisterSpeechWithTitleNullThrowsDomainException" />
    </UnitTest>
    <UnitTest name="LogCorner.EduSync.Speech.Domain.UnitTest.Specs.SpeechTypeValueObjectUnitTest.EqualityIsFalseWhenObjectsAreDifferentValuesTest" storage="/src/logcorner.edusync.speech/logcorner.edusync.speech.domain.unittest/bin/debug/netcoreapp3.1/logcorner.edusync.speech.domain.unittest.dll" id="fa570406-cfa7-0add-b49e-c9a4a06a54b5">
      <Execution id="a9c64e68-6cfd-4bd4-9e75-227239664373" />
      <TestMethod codeBase="/src/LogCorner.EduSync.Speech/LogCorner.EduSync.Speech.Domain.UnitTest/bin/Debug/netcoreapp3.1/LogCorner.EduSync.Speech.Domain.UnitTest.dll" adapterTypeName="executor://xunit/VsTestRunner2/netcoreapp" className="LogCorner.EduSync.Speech.Domain.UnitTest.Specs.SpeechTypeValueObjectUnitTest" name="LogCorner.EduSync.Speech.Domain.UnitTest.Specs.SpeechTypeValueObjectUnitTest.EqualityIsFalseWhenObjectsAreDifferentValuesTest" />
    </UnitTest>
    <UnitTest name="LogCorner.EduSync.Speech.Domain.UnitTest.Specs.DescriptionValueObjectUnitTest.EqualityIsTrueWhenObjectsAreSameValuesTest" storage="/src/logcorner.edusync.speech/logcorner.edusync.speech.domain.unittest/bin/debug/netcoreapp3.1/logcorner.edusync.speech.domain.unittest.dll" id="950d3e2d-a2cf-b8cd-f908-037be2d17b05">
      <Execution id="43ab5b4a-21f2-4506-b3b5-fb4ab50c3888" />
      <TestMethod codeBase="/src/LogCorner.EduSync.Speech/LogCorner.EduSync.Speech.Domain.UnitTest/bin/Debug/netcoreapp3.1/LogCorner.EduSync.Speech.Domain.UnitTest.dll" adapterTypeName="executor://xunit/VsTestRunner2/netcoreapp" className="LogCorner.EduSync.Speech.Domain.UnitTest.Specs.DescriptionValueObjectUnitTest" name="LogCorner.EduSync.Speech.Domain.UnitTest.Specs.DescriptionValueObjectUnitTest.EqualityIsTrueWhenObjectsAreSameValuesTest" />
    </UnitTest>
    <UnitTest name="LogCorner.EduSync.Speech.Domain.UnitTest.Specs.SpeechUnitTest.ChangeTitleWithValiidArgumentsShouldApplySpeechTitleChangedEvent" storage="/src/logcorner.edusync.speech/logcorner.edusync.speech.domain.unittest/bin/debug/netcoreapp3.1/logcorner.edusync.speech.domain.unittest.dll" id="e67b692d-3cb9-0698-ae09-dd60605c04d7">
      <Execution id="9afe2c50-1fe9-4e3f-9250-cc83bb842caa" />
      <TestMethod codeBase="/src/LogCorner.EduSync.Speech/LogCorner.EduSync.Speech.Domain.UnitTest/bin/Debug/netcoreapp3.1/LogCorner.EduSync.Speech.Domain.UnitTest.dll" adapterTypeName="executor://xunit/VsTestRunner2/netcoreapp" className="LogCorner.EduSync.Speech.Domain.UnitTest.Specs.SpeechUnitTest" name="LogCorner.EduSync.Speech.Domain.UnitTest.Specs.SpeechUnitTest.ChangeTitleWithValiidArgumentsShouldApplySpeechTitleChangedEvent" />
    </UnitTest>
    <UnitTest name="LogCorner.EduSync.Speech.Domain.UnitTest.Specs.TitleValueObjectUnitTest.EqualityIsTrueWhenObjectsAreSameValuesTest" storage="/src/logcorner.edusync.speech/logcorner.edusync.speech.domain.unittest/bin/debug/netcoreapp3.1/logcorner.edusync.speech.domain.unittest.dll" id="e8d9ea37-4d88-e78c-62b1-19cd8f5f9666">
      <Execution id="d619bb9f-bf85-4c86-b4de-70e9fb39737e" />
      <TestMethod codeBase="/src/LogCorner.EduSync.Speech/LogCorner.EduSync.Speech.Domain.UnitTest/bin/Debug/netcoreapp3.1/LogCorner.EduSync.Speech.Domain.UnitTest.dll" adapterTypeName="executor://xunit/VsTestRunner2/netcoreapp" className="LogCorner.EduSync.Speech.Domain.UnitTest.Specs.TitleValueObjectUnitTest" name="LogCorner.EduSync.Speech.Domain.UnitTest.Specs.TitleValueObjectUnitTest.EqualityIsTrueWhenObjectsAreSameValuesTest" />
    </UnitTest>
    <UnitTest name="LogCorner.EduSync.Speech.Domain.UnitTest.Specs.EventSourcingUnitTest.ClearUncommittedEventsThenUncommittedEventsShouldBeEmpty" storage="/src/logcorner.edusync.speech/logcorner.edusync.speech.domain.unittest/bin/debug/netcoreapp3.1/logcorner.edusync.speech.domain.unittest.dll" id="7e37299a-fd8e-fb70-203b-4190c782da6c">
      <Execution id="01c264ce-39dc-4176-a37f-e05f7901ee84" />
      <TestMethod codeBase="/src/LogCorner.EduSync.Speech/LogCorner.EduSync.Speech.Domain.UnitTest/bin/Debug/netcoreapp3.1/LogCorner.EduSync.Speech.Domain.UnitTest.dll" adapterTypeName="executor://xunit/VsTestRunner2/netcoreapp" className="LogCorner.EduSync.Speech.Domain.UnitTest.Specs.EventSourcingUnitTest" name="LogCorner.EduSync.Speech.Domain.UnitTest.Specs.EventSourcingUnitTest.ClearUncommittedEventsThenUncommittedEventsShouldBeEmpty" />
    </UnitTest>
    <UnitTest name="LogCorner.EduSync.Speech.Domain.UnitTest.Specs.SpeechUnitTest.RegisterSpeechWithInvalidTypeThrowsDomainException" storage="/src/logcorner.edusync.speech/logcorner.edusync.speech.domain.unittest/bin/debug/netcoreapp3.1/logcorner.edusync.speech.domain.unittest.dll" id="9ada8ac2-4ed7-4553-2606-9d9328690317">
      <Execution id="053bac89-c125-4976-a54a-7dbf2526a9a8" />
      <TestMethod codeBase="/src/LogCorner.EduSync.Speech/LogCorner.EduSync.Speech.Domain.UnitTest/bin/Debug/netcoreapp3.1/LogCorner.EduSync.Speech.Domain.UnitTest.dll" adapterTypeName="executor://xunit/VsTestRunner2/netcoreapp" className="LogCorner.EduSync.Speech.Domain.UnitTest.Specs.SpeechUnitTest" name="LogCorner.EduSync.Speech.Domain.UnitTest.Specs.SpeechUnitTest.RegisterSpeechWithInvalidTypeThrowsDomainException" />
    </UnitTest>
    <UnitTest name="LogCorner.EduSync.Speech.Domain.UnitTest.Specs.SpeechUnitTest.ChangeTitleWhenTitleIsNullOrEmptyShouldRaiseArgumentNullAggregateException(newTitle: &quot;&quot;)" storage="/src/logcorner.edusync.speech/logcorner.edusync.speech.domain.unittest/bin/debug/netcoreapp3.1/logcorner.edusync.speech.domain.unittest.dll" id="8f393ebc-258b-c3b0-ea5e-4ef77bb3b960">
      <Execution id="f87342fb-a208-4b40-94c3-5222040a5faf" />
      <TestMethod codeBase="/src/LogCorner.EduSync.Speech/LogCorner.EduSync.Speech.Domain.UnitTest/bin/Debug/netcoreapp3.1/LogCorner.EduSync.Speech.Domain.UnitTest.dll" adapterTypeName="executor://xunit/VsTestRunner2/netcoreapp" className="LogCorner.EduSync.Speech.Domain.UnitTest.Specs.SpeechUnitTest" name="LogCorner.EduSync.Speech.Domain.UnitTest.Specs.SpeechUnitTest.ChangeTitleWhenTitleIsNullOrEmptyShouldRaiseArgumentNullAggregateException(newTitle: &quot;&quot;)" />
    </UnitTest>
    <UnitTest name="LogCorner.EduSync.Speech.Domain.UnitTest.Specs.EventSourcingUnitTest.ApplyEventShouldPopulateAggregatePropertiesWithEventProperties" storage="/src/logcorner.edusync.speech/logcorner.edusync.speech.domain.unittest/bin/debug/netcoreapp3.1/logcorner.edusync.speech.domain.unittest.dll" id="1c8c4305-11ba-15f0-f043-a1a3d7746e3a">
      <Execution id="9dd85a4f-e8f2-4673-a8e9-80c53c4ac83d" />
      <TestMethod codeBase="/src/LogCorner.EduSync.Speech/LogCorner.EduSync.Speech.Domain.UnitTest/bin/Debug/netcoreapp3.1/LogCorner.EduSync.Speech.Domain.UnitTest.dll" adapterTypeName="executor://xunit/VsTestRunner2/netcoreapp" className="LogCorner.EduSync.Speech.Domain.UnitTest.Specs.EventSourcingUnitTest" name="LogCorner.EduSync.Speech.Domain.UnitTest.Specs.EventSourcingUnitTest.ApplyEventShouldPopulateAggregatePropertiesWithEventProperties" />
    </UnitTest>
    <UnitTest name="LogCorner.EduSync.Speech.Domain.UnitTest.Specs.SpeechUnitTest.CreateMediaWithExistingMedaiShouldNotApplyEvent" storage="/src/logcorner.edusync.speech/logcorner.edusync.speech.domain.unittest/bin/debug/netcoreapp3.1/logcorner.edusync.speech.domain.unittest.dll" id="68d67ed8-2c71-0766-85f9-a75c1c5300f2">
      <Execution id="7ed8257f-c21d-4b74-b906-227ff5d8437e" />
      <TestMethod codeBase="/src/LogCorner.EduSync.Speech/LogCorner.EduSync.Speech.Domain.UnitTest/bin/Debug/netcoreapp3.1/LogCorner.EduSync.Speech.Domain.UnitTest.dll" adapterTypeName="executor://xunit/VsTestRunner2/netcoreapp" className="LogCorner.EduSync.Speech.Domain.UnitTest.Specs.SpeechUnitTest" name="LogCorner.EduSync.Speech.Domain.UnitTest.Specs.SpeechUnitTest.CreateMediaWithExistingMedaiShouldNotApplyEvent" />
    </UnitTest>
    <UnitTest name="LogCorner.EduSync.Speech.Domain.UnitTest.Specs.SpeechEntityUnitTest.EqualityIsTrueWhenObjectsAreSameIdentitiesTest" storage="/src/logcorner.edusync.speech/logcorner.edusync.speech.domain.unittest/bin/debug/netcoreapp3.1/logcorner.edusync.speech.domain.unittest.dll" id="e7493313-bfc8-884f-15ab-72ad931beffe">
      <Execution id="82580c60-dd55-4d5e-b0cf-6159bf7f2928" />
      <TestMethod codeBase="/src/LogCorner.EduSync.Speech/LogCorner.EduSync.Speech.Domain.UnitTest/bin/Debug/netcoreapp3.1/LogCorner.EduSync.Speech.Domain.UnitTest.dll" adapterTypeName="executor://xunit/VsTestRunner2/netcoreapp" className="LogCorner.EduSync.Speech.Domain.UnitTest.Specs.SpeechEntityUnitTest" name="LogCorner.EduSync.Speech.Domain.UnitTest.Specs.SpeechEntityUnitTest.EqualityIsTrueWhenObjectsAreSameIdentitiesTest" />
    </UnitTest>
    <UnitTest name="LogCorner.EduSync.Speech.Domain.UnitTest.Specs.DescriptionValueObjectUnitTest.EqualityIsFalseWhenObjectsAreDifferentValuesTest" storage="/src/logcorner.edusync.speech/logcorner.edusync.speech.domain.unittest/bin/debug/netcoreapp3.1/logcorner.edusync.speech.domain.unittest.dll" id="a44d164e-839a-1422-4a85-5ea5cdf60878">
      <Execution id="445937dc-861c-4b12-8b5d-73b88adc2bdb" />
      <TestMethod codeBase="/src/LogCorner.EduSync.Speech/LogCorner.EduSync.Speech.Domain.UnitTest/bin/Debug/netcoreapp3.1/LogCorner.EduSync.Speech.Domain.UnitTest.dll" adapterTypeName="executor://xunit/VsTestRunner2/netcoreapp" className="LogCorner.EduSync.Speech.Domain.UnitTest.Specs.DescriptionValueObjectUnitTest" name="LogCorner.EduSync.Speech.Domain.UnitTest.Specs.DescriptionValueObjectUnitTest.EqualityIsFalseWhenObjectsAreDifferentValuesTest" />
    </UnitTest>
    <UnitTest name="LogCorner.EduSync.Speech.Domain.UnitTest.Specs.SpeechUnitTest.RegisterSpeechWithNullUrlThrowsDomainException" storage="/src/logcorner.edusync.speech/logcorner.edusync.speech.domain.unittest/bin/debug/netcoreapp3.1/logcorner.edusync.speech.domain.unittest.dll" id="53793be9-c221-5c5b-e918-b3df4902c4fa">
      <Execution id="2955052b-92d4-4b44-a8d1-5b159340d9ce" />
      <TestMethod codeBase="/src/LogCorner.EduSync.Speech/LogCorner.EduSync.Speech.Domain.UnitTest/bin/Debug/netcoreapp3.1/LogCorner.EduSync.Speech.Domain.UnitTest.dll" adapterTypeName="executor://xunit/VsTestRunner2/netcoreapp" className="LogCorner.EduSync.Speech.Domain.UnitTest.Specs.SpeechUnitTest" name="LogCorner.EduSync.Speech.Domain.UnitTest.Specs.SpeechUnitTest.RegisterSpeechWithNullUrlThrowsDomainException" />
    </UnitTest>
    <UnitTest name="LogCorner.EduSync.Speech.Domain.UnitTest.Specs.SpeechTypeValueObjectUnitTest.EqualityIsTrueWhenObjectsAreSameValuesTest" storage="/src/logcorner.edusync.speech/logcorner.edusync.speech.domain.unittest/bin/debug/netcoreapp3.1/logcorner.edusync.speech.domain.unittest.dll" id="3827cbea-ca16-bbcb-9069-4c943a61b196">
      <Execution id="e92898dd-d9be-4cf2-9c1b-2665b2565957" />
      <TestMethod codeBase="/src/LogCorner.EduSync.Speech/LogCorner.EduSync.Speech.Domain.UnitTest/bin/Debug/netcoreapp3.1/LogCorner.EduSync.Speech.Domain.UnitTest.dll" adapterTypeName="executor://xunit/VsTestRunner2/netcoreapp" className="LogCorner.EduSync.Speech.Domain.UnitTest.Specs.SpeechTypeValueObjectUnitTest" name="LogCorner.EduSync.Speech.Domain.UnitTest.Specs.SpeechTypeValueObjectUnitTest.EqualityIsTrueWhenObjectsAreSameValuesTest" />
    </UnitTest>
    <UnitTest name="LogCorner.EduSync.Speech.Domain.UnitTest.Specs.SpeechUnitTest.RegisterSpeechWithValidDataRaiseDomainEvent" storage="/src/logcorner.edusync.speech/logcorner.edusync.speech.domain.unittest/bin/debug/netcoreapp3.1/logcorner.edusync.speech.domain.unittest.dll" id="ad1bdcd0-9cec-6a85-057b-0811aa099323">
      <Execution id="42b952d3-d0eb-402e-9643-18d8617bfdeb" />
      <TestMethod codeBase="/src/LogCorner.EduSync.Speech/LogCorner.EduSync.Speech.Domain.UnitTest/bin/Debug/netcoreapp3.1/LogCorner.EduSync.Speech.Domain.UnitTest.dll" adapterTypeName="executor://xunit/VsTestRunner2/netcoreapp" className="LogCorner.EduSync.Speech.Domain.UnitTest.Specs.SpeechUnitTest" name="LogCorner.EduSync.Speech.Domain.UnitTest.Specs.SpeechUnitTest.RegisterSpeechWithValidDataRaiseDomainEvent" />
    </UnitTest>
    <UnitTest name="LogCorner.EduSync.Speech.Domain.UnitTest.Specs.EventSourcingUnitTest.ValidateVersionWithValidExpectedVersionThenExpectedVersionShouldBeEqualsToAggregateVersion" storage="/src/logcorner.edusync.speech/logcorner.edusync.speech.domain.unittest/bin/debug/netcoreapp3.1/logcorner.edusync.speech.domain.unittest.dll" id="cfee93c5-b024-4300-1eaa-9a615d2dee18">
      <Execution id="805b57c0-723b-400c-a637-10f0d5352b9d" />
      <TestMethod codeBase="/src/LogCorner.EduSync.Speech/LogCorner.EduSync.Speech.Domain.UnitTest/bin/Debug/netcoreapp3.1/LogCorner.EduSync.Speech.Domain.UnitTest.dll" adapterTypeName="executor://xunit/VsTestRunner2/netcoreapp" className="LogCorner.EduSync.Speech.Domain.UnitTest.Specs.EventSourcingUnitTest" name="LogCorner.EduSync.Speech.Domain.UnitTest.Specs.EventSourcingUnitTest.ValidateVersionWithValidExpectedVersionThenExpectedVersionShouldBeEqualsToAggregateVersion" />
    </UnitTest>
    <UnitTest name="LogCorner.EduSync.Speech.Domain.UnitTest.Specs.SpeechUnitTest.CreateMediaWithNullMediaFile" storage="/src/logcorner.edusync.speech/logcorner.edusync.speech.domain.unittest/bin/debug/netcoreapp3.1/logcorner.edusync.speech.domain.unittest.dll" id="cef738af-fc82-3eb8-835a-7c64aa315619">
      <Execution id="c7a0080d-a358-40f8-9f98-7aeff18d3b53" />
      <TestMethod codeBase="/src/LogCorner.EduSync.Speech/LogCorner.EduSync.Speech.Domain.UnitTest/bin/Debug/netcoreapp3.1/LogCorner.EduSync.Speech.Domain.UnitTest.dll" adapterTypeName="executor://xunit/VsTestRunner2/netcoreapp" className="LogCorner.EduSync.Speech.Domain.UnitTest.Specs.SpeechUnitTest" name="LogCorner.EduSync.Speech.Domain.UnitTest.Specs.SpeechUnitTest.CreateMediaWithNullMediaFile" />
    </UnitTest>
    <UnitTest name="LogCorner.EduSync.Speech.Domain.UnitTest.Specs.SpeechUnitTest.RegisterSpeechWithDescriptionLessThanNCaractersThrowsDomainException" storage="/src/logcorner.edusync.speech/logcorner.edusync.speech.domain.unittest/bin/debug/netcoreapp3.1/logcorner.edusync.speech.domain.unittest.dll" id="eced04a6-d386-8ab1-8bd6-cd84fd66a984">
      <Execution id="1e49a3e2-7c51-4ffa-8bff-6afe9e91c2dc" />
      <TestMethod codeBase="/src/LogCorner.EduSync.Speech/LogCorner.EduSync.Speech.Domain.UnitTest/bin/Debug/netcoreapp3.1/LogCorner.EduSync.Speech.Domain.UnitTest.dll" adapterTypeName="executor://xunit/VsTestRunner2/netcoreapp" className="LogCorner.EduSync.Speech.Domain.UnitTest.Specs.SpeechUnitTest" name="LogCorner.EduSync.Speech.Domain.UnitTest.Specs.SpeechUnitTest.RegisterSpeechWithDescriptionLessThanNCaractersThrowsDomainException" />
    </UnitTest>
    <UnitTest name="LogCorner.EduSync.Speech.Domain.UnitTest.Specs.TitleValueObjectUnitTest.EqualityIsFalseWhenObjectsAreDifferentValuesTest" storage="/src/logcorner.edusync.speech/logcorner.edusync.speech.domain.unittest/bin/debug/netcoreapp3.1/logcorner.edusync.speech.domain.unittest.dll" id="811b8100-e768-8731-4201-4c102e08a963">
      <Execution id="f4f775ab-adca-4e67-9145-a1a05279806d" />
      <TestMethod codeBase="/src/LogCorner.EduSync.Speech/LogCorner.EduSync.Speech.Domain.UnitTest/bin/Debug/netcoreapp3.1/LogCorner.EduSync.Speech.Domain.UnitTest.dll" adapterTypeName="executor://xunit/VsTestRunner2/netcoreapp" className="LogCorner.EduSync.Speech.Domain.UnitTest.Specs.TitleValueObjectUnitTest" name="LogCorner.EduSync.Speech.Domain.UnitTest.Specs.TitleValueObjectUnitTest.EqualityIsFalseWhenObjectsAreDifferentValuesTest" />
    </UnitTest>
    <UnitTest name="LogCorner.EduSync.Speech.Domain.UnitTest.Specs.SpeechUnitTest.CreateMediaWithValidVersionReturnSuccess" storage="/src/logcorner.edusync.speech/logcorner.edusync.speech.domain.unittest/bin/debug/netcoreapp3.1/logcorner.edusync.speech.domain.unittest.dll" id="5dbad467-980c-95c4-690b-f5cc3fbdda57">
      <Execution id="385b67ca-cc72-4a02-a9d4-ae4799819672" />
      <TestMethod codeBase="/src/LogCorner.EduSync.Speech/LogCorner.EduSync.Speech.Domain.UnitTest/bin/Debug/netcoreapp3.1/LogCorner.EduSync.Speech.Domain.UnitTest.dll" adapterTypeName="executor://xunit/VsTestRunner2/netcoreapp" className="LogCorner.EduSync.Speech.Domain.UnitTest.Specs.SpeechUnitTest" name="LogCorner.EduSync.Speech.Domain.UnitTest.Specs.SpeechUnitTest.CreateMediaWithValidVersionReturnSuccess" />
    </UnitTest>
    <UnitTest name="LogCorner.EduSync.Speech.Domain.UnitTest.Specs.EventSourcingUnitTest.AddDomainEventWithValidVersionThenVersionOfEventShouldBeEqualsToCurrentVerSionOfAggregate" storage="/src/logcorner.edusync.speech/logcorner.edusync.speech.domain.unittest/bin/debug/netcoreapp3.1/logcorner.edusync.speech.domain.unittest.dll" id="801f58c3-ef16-bef8-d136-be6768160650">
      <Execution id="4bf7563c-d060-4bcd-8941-5caa414afccb" />
      <TestMethod codeBase="/src/LogCorner.EduSync.Speech/LogCorner.EduSync.Speech.Domain.UnitTest/bin/Debug/netcoreapp3.1/LogCorner.EduSync.Speech.Domain.UnitTest.dll" adapterTypeName="executor://xunit/VsTestRunner2/netcoreapp" className="LogCorner.EduSync.Speech.Domain.UnitTest.Specs.EventSourcingUnitTest" name="LogCorner.EduSync.Speech.Domain.UnitTest.Specs.EventSourcingUnitTest.AddDomainEventWithValidVersionThenVersionOfEventShouldBeEqualsToCurrentVerSionOfAggregate" />
    </UnitTest>
    <UnitTest name="LogCorner.EduSync.Speech.Domain.UnitTest.Specs.SpeechUnitTest.RegisterSpeechWithEmptyUrlThrowsDomainException" storage="/src/logcorner.edusync.speech/logcorner.edusync.speech.domain.unittest/bin/debug/netcoreapp3.1/logcorner.edusync.speech.domain.unittest.dll" id="5c0ab9d3-f500-b898-e308-9d7c8969a180">
      <Execution id="92a364b3-b757-481a-ac9b-b23ddb99242f" />
      <TestMethod codeBase="/src/LogCorner.EduSync.Speech/LogCorner.EduSync.Speech.Domain.UnitTest/bin/Debug/netcoreapp3.1/LogCorner.EduSync.Speech.Domain.UnitTest.dll" adapterTypeName="executor://xunit/VsTestRunner2/netcoreapp" className="LogCorner.EduSync.Speech.Domain.UnitTest.Specs.SpeechUnitTest" name="LogCorner.EduSync.Speech.Domain.UnitTest.Specs.SpeechUnitTest.RegisterSpeechWithEmptyUrlThrowsDomainException" />
    </UnitTest>
    <UnitTest name="LogCorner.EduSync.Speech.Domain.UnitTest.Specs.SpeechUnitTest.RegisterSpeechWithTitleLessThanNCaractersThrowsDomainException" storage="/src/logcorner.edusync.speech/logcorner.edusync.speech.domain.unittest/bin/debug/netcoreapp3.1/logcorner.edusync.speech.domain.unittest.dll" id="c15efebe-c6b1-77e9-d548-03e16a6d49b0">
      <Execution id="415941c0-a6c6-484e-94b6-a1a483e4c840" />
      <TestMethod codeBase="/src/LogCorner.EduSync.Speech/LogCorner.EduSync.Speech.Domain.UnitTest/bin/Debug/netcoreapp3.1/LogCorner.EduSync.Speech.Domain.UnitTest.dll" adapterTypeName="executor://xunit/VsTestRunner2/netcoreapp" className="LogCorner.EduSync.Speech.Domain.UnitTest.Specs.SpeechUnitTest" name="LogCorner.EduSync.Speech.Domain.UnitTest.Specs.SpeechUnitTest.RegisterSpeechWithTitleLessThanNCaractersThrowsDomainException" />
    </UnitTest>
    <UnitTest name="LogCorner.EduSync.Speech.Domain.UnitTest.Specs.EventSourcingUnitTest.AddDomainEventWithValidVersionThenUncommittedEventsShouldBeSingle" storage="/src/logcorner.edusync.speech/logcorner.edusync.speech.domain.unittest/bin/debug/netcoreapp3.1/logcorner.edusync.speech.domain.unittest.dll" id="44832629-3e87-7086-3d1f-10aa26bfddcc">
      <Execution id="f03f5e76-fe36-42c9-87ff-e45a7ba17465" />
      <TestMethod codeBase="/src/LogCorner.EduSync.Speech/LogCorner.EduSync.Speech.Domain.UnitTest/bin/Debug/netcoreapp3.1/LogCorner.EduSync.Speech.Domain.UnitTest.dll" adapterTypeName="executor://xunit/VsTestRunner2/netcoreapp" className="LogCorner.EduSync.Speech.Domain.UnitTest.Specs.EventSourcingUnitTest" name="LogCorner.EduSync.Speech.Domain.UnitTest.Specs.EventSourcingUnitTest.AddDomainEventWithValidVersionThenUncommittedEventsShouldBeSingle" />
    </UnitTest>
    <UnitTest name="LogCorner.EduSync.Speech.Domain.UnitTest.Specs.SpeechUnitTest.ChangeTitleWhenTitleIsNullOrEmptyShouldRaiseArgumentNullAggregateException(newTitle: &quot; &quot;)" storage="/src/logcorner.edusync.speech/logcorner.edusync.speech.domain.unittest/bin/debug/netcoreapp3.1/logcorner.edusync.speech.domain.unittest.dll" id="820b38f8-d8c2-d048-fd23-f99240d6909c">
      <Execution id="9776cf2a-f8a4-4287-a973-8a28fc9adb1d" />
      <TestMethod codeBase="/src/LogCorner.EduSync.Speech/LogCorner.EduSync.Speech.Domain.UnitTest/bin/Debug/netcoreapp3.1/LogCorner.EduSync.Speech.Domain.UnitTest.dll" adapterTypeName="executor://xunit/VsTestRunner2/netcoreapp" className="LogCorner.EduSync.Speech.Domain.UnitTest.Specs.SpeechUnitTest" name="LogCorner.EduSync.Speech.Domain.UnitTest.Specs.SpeechUnitTest.ChangeTitleWhenTitleIsNullOrEmptyShouldRaiseArgumentNullAggregateException(newTitle: &quot; &quot;)" />
    </UnitTest>
    <UnitTest name="LogCorner.EduSync.Speech.Domain.UnitTest.Specs.SpeechUnitTest.RegisterSpeechWithNullTypeThrowsDomainException" storage="/src/logcorner.edusync.speech/logcorner.edusync.speech.domain.unittest/bin/debug/netcoreapp3.1/logcorner.edusync.speech.domain.unittest.dll" id="2e227548-fee5-7851-6dba-abb6813d9dd3">
      <Execution id="0c598b27-4986-40ed-84ec-36680ad1e489" />
      <TestMethod codeBase="/src/LogCorner.EduSync.Speech/LogCorner.EduSync.Speech.Domain.UnitTest/bin/Debug/netcoreapp3.1/LogCorner.EduSync.Speech.Domain.UnitTest.dll" adapterTypeName="executor://xunit/VsTestRunner2/netcoreapp" className="LogCorner.EduSync.Speech.Domain.UnitTest.Specs.SpeechUnitTest" name="LogCorner.EduSync.Speech.Domain.UnitTest.Specs.SpeechUnitTest.RegisterSpeechWithNullTypeThrowsDomainException" />
    </UnitTest>
    <UnitTest name="LogCorner.EduSync.Speech.Domain.UnitTest.Specs.EventSourcingUnitTest.AddDomainEventWithValidVersionThenEventShouldBeAppliedToAggregate" storage="/src/logcorner.edusync.speech/logcorner.edusync.speech.domain.unittest/bin/debug/netcoreapp3.1/logcorner.edusync.speech.domain.unittest.dll" id="1bafe1a2-34e3-33f6-f17c-f11101abd457">
      <Execution id="f1bb56c7-b01a-456b-af02-30942b0887bb" />
      <TestMethod codeBase="/src/LogCorner.EduSync.Speech/LogCorner.EduSync.Speech.Domain.UnitTest/bin/Debug/netcoreapp3.1/LogCorner.EduSync.Speech.Domain.UnitTest.dll" adapterTypeName="executor://xunit/VsTestRunner2/netcoreapp" className="LogCorner.EduSync.Speech.Domain.UnitTest.Specs.EventSourcingUnitTest" name="LogCorner.EduSync.Speech.Domain.UnitTest.Specs.EventSourcingUnitTest.AddDomainEventWithValidVersionThenEventShouldBeAppliedToAggregate" />
    </UnitTest>
    <UnitTest name="LogCorner.EduSync.Speech.Domain.UnitTest.Specs.SpeechUnitTest.CreateMediaWithValidMediaFileRetunrSuccess" storage="/src/logcorner.edusync.speech/logcorner.edusync.speech.domain.unittest/bin/debug/netcoreapp3.1/logcorner.edusync.speech.domain.unittest.dll" id="fa67312a-a0d6-bcb4-9dde-0756722fb1d6">
      <Execution id="64af73f5-cbb4-477c-aec9-c8e26380cff3" />
      <TestMethod codeBase="/src/LogCorner.EduSync.Speech/LogCorner.EduSync.Speech.Domain.UnitTest/bin/Debug/netcoreapp3.1/LogCorner.EduSync.Speech.Domain.UnitTest.dll" adapterTypeName="executor://xunit/VsTestRunner2/netcoreapp" className="LogCorner.EduSync.Speech.Domain.UnitTest.Specs.SpeechUnitTest" name="LogCorner.EduSync.Speech.Domain.UnitTest.Specs.SpeechUnitTest.CreateMediaWithValidMediaFileRetunrSuccess" />
    </UnitTest>
    <UnitTest name="LogCorner.EduSync.Speech.Domain.UnitTest.Specs.SpeechEntityUnitTest.EqualityIsFalseWhenObjectsAreDifferentIdentitiesTest" storage="/src/logcorner.edusync.speech/logcorner.edusync.speech.domain.unittest/bin/debug/netcoreapp3.1/logcorner.edusync.speech.domain.unittest.dll" id="2e3a914b-4d15-23c0-ae46-53f7df787d93">
      <Execution id="75dad3ee-01cd-4fde-9057-dfdb6468bb4a" />
      <TestMethod codeBase="/src/LogCorner.EduSync.Speech/LogCorner.EduSync.Speech.Domain.UnitTest/bin/Debug/netcoreapp3.1/LogCorner.EduSync.Speech.Domain.UnitTest.dll" adapterTypeName="executor://xunit/VsTestRunner2/netcoreapp" className="LogCorner.EduSync.Speech.Domain.UnitTest.Specs.SpeechEntityUnitTest" name="LogCorner.EduSync.Speech.Domain.UnitTest.Specs.SpeechEntityUnitTest.EqualityIsFalseWhenObjectsAreDifferentIdentitiesTest" />
    </UnitTest>
    <UnitTest name="LogCorner.EduSync.Speech.Domain.UnitTest.Specs.UrlValueObjectUnitTest.EqualityIsFalseWhenObjectsAreDifferentValuesTest" storage="/src/logcorner.edusync.speech/logcorner.edusync.speech.domain.unittest/bin/debug/netcoreapp3.1/logcorner.edusync.speech.domain.unittest.dll" id="08f94b60-a3b4-0a00-ff27-b86fccd40b79">
      <Execution id="6177d954-cca3-44e1-8b7e-1126a43f9861" />
      <TestMethod codeBase="/src/LogCorner.EduSync.Speech/LogCorner.EduSync.Speech.Domain.UnitTest/bin/Debug/netcoreapp3.1/LogCorner.EduSync.Speech.Domain.UnitTest.dll" adapterTypeName="executor://xunit/VsTestRunner2/netcoreapp" className="LogCorner.EduSync.Speech.Domain.UnitTest.Specs.UrlValueObjectUnitTest" name="LogCorner.EduSync.Speech.Domain.UnitTest.Specs.UrlValueObjectUnitTest.EqualityIsFalseWhenObjectsAreDifferentValuesTest" />
    </UnitTest>
    <UnitTest name="LogCorner.EduSync.Speech.Domain.UnitTest.Specs.SpeechUnitTest.RegisterSpeechWithValidDataReturnsSuccess" storage="/src/logcorner.edusync.speech/logcorner.edusync.speech.domain.unittest/bin/debug/netcoreapp3.1/logcorner.edusync.speech.domain.unittest.dll" id="d685edf8-4a8e-c231-a636-73c1e7b1728f">
      <Execution id="a35c821f-d394-4d42-9d01-05cf491faf8b" />
      <TestMethod codeBase="/src/LogCorner.EduSync.Speech/LogCorner.EduSync.Speech.Domain.UnitTest/bin/Debug/netcoreapp3.1/LogCorner.EduSync.Speech.Domain.UnitTest.dll" adapterTypeName="executor://xunit/VsTestRunner2/netcoreapp" className="LogCorner.EduSync.Speech.Domain.UnitTest.Specs.SpeechUnitTest" name="LogCorner.EduSync.Speech.Domain.UnitTest.Specs.SpeechUnitTest.RegisterSpeechWithValidDataReturnsSuccess" />
    </UnitTest>
    <UnitTest name="LogCorner.EduSync.Speech.Domain.UnitTest.Specs.SpeechUnitTest.RegisterSpeechWithInvalidUrlThrowsDomainException" storage="/src/logcorner.edusync.speech/logcorner.edusync.speech.domain.unittest/bin/debug/netcoreapp3.1/logcorner.edusync.speech.domain.unittest.dll" id="63cbba69-7049-b1ba-00d5-3f7c84f6bd88">
      <Execution id="d41cb8df-d47e-4e9e-8864-84ed5eb5777d" />
      <TestMethod codeBase="/src/LogCorner.EduSync.Speech/LogCorner.EduSync.Speech.Domain.UnitTest/bin/Debug/netcoreapp3.1/LogCorner.EduSync.Speech.Domain.UnitTest.dll" adapterTypeName="executor://xunit/VsTestRunner2/netcoreapp" className="LogCorner.EduSync.Speech.Domain.UnitTest.Specs.SpeechUnitTest" name="LogCorner.EduSync.Speech.Domain.UnitTest.Specs.SpeechUnitTest.RegisterSpeechWithInvalidUrlThrowsDomainException" />
    </UnitTest>
    <UnitTest name="LogCorner.EduSync.Speech.Domain.UnitTest.Specs.EventSourcingUnitTest.AddDomainEventWithInvalidVesrionShouldRaiseConncurrencyException" storage="/src/logcorner.edusync.speech/logcorner.edusync.speech.domain.unittest/bin/debug/netcoreapp3.1/logcorner.edusync.speech.domain.unittest.dll" id="cad40f74-99aa-2947-5c01-e6b371d60866">
      <Execution id="74e50401-7ebe-41ad-a2f4-90ea3d3f18bf" />
      <TestMethod codeBase="/src/LogCorner.EduSync.Speech/LogCorner.EduSync.Speech.Domain.UnitTest/bin/Debug/netcoreapp3.1/LogCorner.EduSync.Speech.Domain.UnitTest.dll" adapterTypeName="executor://xunit/VsTestRunner2/netcoreapp" className="LogCorner.EduSync.Speech.Domain.UnitTest.Specs.EventSourcingUnitTest" name="LogCorner.EduSync.Speech.Domain.UnitTest.Specs.EventSourcingUnitTest.AddDomainEventWithInvalidVesrionShouldRaiseConncurrencyException" />
    </UnitTest>
    <UnitTest name="LogCorner.EduSync.Speech.Domain.UnitTest.Specs.SpeechUnitTest.InstanciatingMediaFileWithPrivateConstrcutorShouldReturnNotNullInstance" storage="/src/logcorner.edusync.speech/logcorner.edusync.speech.domain.unittest/bin/debug/netcoreapp3.1/logcorner.edusync.speech.domain.unittest.dll" id="8f6b18e4-2adb-473e-c003-0419ba253bd9">
      <Execution id="a1e71e1c-9f59-4ad1-89de-da5f2e6456ae" />
      <TestMethod codeBase="/src/LogCorner.EduSync.Speech/LogCorner.EduSync.Speech.Domain.UnitTest/bin/Debug/netcoreapp3.1/LogCorner.EduSync.Speech.Domain.UnitTest.dll" adapterTypeName="executor://xunit/VsTestRunner2/netcoreapp" className="LogCorner.EduSync.Speech.Domain.UnitTest.Specs.SpeechUnitTest" name="LogCorner.EduSync.Speech.Domain.UnitTest.Specs.SpeechUnitTest.InstanciatingMediaFileWithPrivateConstrcutorShouldReturnNotNullInstance" />
    </UnitTest>
    <UnitTest name="LogCorner.EduSync.Speech.Domain.UnitTest.Specs.SpeechUnitTest.ChangeTitleWhenTitleIsNullOrEmptyShouldRaiseArgumentNullAggregateException(newTitle: null)" storage="/src/logcorner.edusync.speech/logcorner.edusync.speech.domain.unittest/bin/debug/netcoreapp3.1/logcorner.edusync.speech.domain.unittest.dll" id="f92b1a8f-ecce-5f09-f8d6-e198e03f64f7">
      <Execution id="b4f3114f-8d9f-48f3-8fb0-a4252715d1b6" />
      <TestMethod codeBase="/src/LogCorner.EduSync.Speech/LogCorner.EduSync.Speech.Domain.UnitTest/bin/Debug/netcoreapp3.1/LogCorner.EduSync.Speech.Domain.UnitTest.dll" adapterTypeName="executor://xunit/VsTestRunner2/netcoreapp" className="LogCorner.EduSync.Speech.Domain.UnitTest.Specs.SpeechUnitTest" name="LogCorner.EduSync.Speech.Domain.UnitTest.Specs.SpeechUnitTest.ChangeTitleWhenTitleIsNullOrEmptyShouldRaiseArgumentNullAggregateException(newTitle: null)" />
    </UnitTest>
    <UnitTest name="LogCorner.EduSync.Speech.Domain.UnitTest.Specs.UrlValueObjectUnitTest.EqualityIsTrueWhenObjectsAreSameValuesTest" storage="/src/logcorner.edusync.speech/logcorner.edusync.speech.domain.unittest/bin/debug/netcoreapp3.1/logcorner.edusync.speech.domain.unittest.dll" id="c91399d2-8d0f-811d-5e3c-0df92e71af82">
      <Execution id="cdd6fa71-12cf-419b-aae5-0b49bd71cc5c" />
      <TestMethod codeBase="/src/LogCorner.EduSync.Speech/LogCorner.EduSync.Speech.Domain.UnitTest/bin/Debug/netcoreapp3.1/LogCorner.EduSync.Speech.Domain.UnitTest.dll" adapterTypeName="executor://xunit/VsTestRunner2/netcoreapp" className="LogCorner.EduSync.Speech.Domain.UnitTest.Specs.UrlValueObjectUnitTest" name="LogCorner.EduSync.Speech.Domain.UnitTest.Specs.UrlValueObjectUnitTest.EqualityIsTrueWhenObjectsAreSameValuesTest" />
    </UnitTest>
    <UnitTest name="LogCorner.EduSync.Speech.Domain.UnitTest.Specs.SpeechUnitTest.CreateMediaWithInvalidVersion" storage="/src/logcorner.edusync.speech/logcorner.edusync.speech.domain.unittest/bin/debug/netcoreapp3.1/logcorner.edusync.speech.domain.unittest.dll" id="9d1c9fe0-b383-64a9-834c-8270233e6288">
      <Execution id="0d12bf79-daf3-481f-af30-8fa4f230a963" />
      <TestMethod codeBase="/src/LogCorner.EduSync.Speech/LogCorner.EduSync.Speech.Domain.UnitTest/bin/Debug/netcoreapp3.1/LogCorner.EduSync.Speech.Domain.UnitTest.dll" adapterTypeName="executor://xunit/VsTestRunner2/netcoreapp" className="LogCorner.EduSync.Speech.Domain.UnitTest.Specs.SpeechUnitTest" name="LogCorner.EduSync.Speech.Domain.UnitTest.Specs.SpeechUnitTest.CreateMediaWithInvalidVersion" />
    </UnitTest>
    <UnitTest name="LogCorner.EduSync.Speech.Domain.UnitTest.Specs.SpeechUnitTest.RegisterSpeechWithDescriptionMoreThanNCaractersThrowsDomainException" storage="/src/logcorner.edusync.speech/logcorner.edusync.speech.domain.unittest/bin/debug/netcoreapp3.1/logcorner.edusync.speech.domain.unittest.dll" id="e33b6148-9736-344f-a251-057b9b765a8a">
      <Execution id="1598d6e8-7262-404e-ad4a-33524aed7f8b" />
      <TestMethod codeBase="/src/LogCorner.EduSync.Speech/LogCorner.EduSync.Speech.Domain.UnitTest/bin/Debug/netcoreapp3.1/LogCorner.EduSync.Speech.Domain.UnitTest.dll" adapterTypeName="executor://xunit/VsTestRunner2/netcoreapp" className="LogCorner.EduSync.Speech.Domain.UnitTest.Specs.SpeechUnitTest" name="LogCorner.EduSync.Speech.Domain.UnitTest.Specs.SpeechUnitTest.RegisterSpeechWithDescriptionMoreThanNCaractersThrowsDomainException" />
    </UnitTest>
    <UnitTest name="LogCorner.EduSync.Speech.Domain.UnitTest.Specs.EventSourcingUnitTest.GetUncommittedEventsOfNewAggregateShouldReturnListOfIDomainEvent" storage="/src/logcorner.edusync.speech/logcorner.edusync.speech.domain.unittest/bin/debug/netcoreapp3.1/logcorner.edusync.speech.domain.unittest.dll" id="5e125474-ab01-500a-d416-5636fe3467cb">
      <Execution id="dff0e163-bef4-4cea-9a64-2245c9212fe1" />
      <TestMethod codeBase="/src/LogCorner.EduSync.Speech/LogCorner.EduSync.Speech.Domain.UnitTest/bin/Debug/netcoreapp3.1/LogCorner.EduSync.Speech.Domain.UnitTest.dll" adapterTypeName="executor://xunit/VsTestRunner2/netcoreapp" className="LogCorner.EduSync.Speech.Domain.UnitTest.Specs.EventSourcingUnitTest" name="LogCorner.EduSync.Speech.Domain.UnitTest.Specs.EventSourcingUnitTest.GetUncommittedEventsOfNewAggregateShouldReturnListOfIDomainEvent" />
    </UnitTest>
  </TestDefinitions>
  <TestEntries>
    <TestEntry testId="8f6b18e4-2adb-473e-c003-0419ba253bd9" executionId="a1e71e1c-9f59-4ad1-89de-da5f2e6456ae" testListId="8c84fa94-04c1-424b-9868-57a2d4851a1d" />
    <TestEntry testId="fa67312a-a0d6-bcb4-9dde-0756722fb1d6" executionId="64af73f5-cbb4-477c-aec9-c8e26380cff3" testListId="8c84fa94-04c1-424b-9868-57a2d4851a1d" />
    <TestEntry testId="ad1bdcd0-9cec-6a85-057b-0811aa099323" executionId="42b952d3-d0eb-402e-9643-18d8617bfdeb" testListId="8c84fa94-04c1-424b-9868-57a2d4851a1d" />
    <TestEntry testId="376db525-600a-80ed-0460-160721596edf" executionId="8bd11021-4371-48e4-a4ab-00ed31f8b0cf" testListId="8c84fa94-04c1-424b-9868-57a2d4851a1d" />
    <TestEntry testId="cef738af-fc82-3eb8-835a-7c64aa315619" executionId="c86483de-aa55-4b40-9e58-93d21a72d504" testListId="8c84fa94-04c1-424b-9868-57a2d4851a1d" />
    <TestEntry testId="2e3a914b-4d15-23c0-ae46-53f7df787d93" executionId="75dad3ee-01cd-4fde-9057-dfdb6468bb4a" testListId="8c84fa94-04c1-424b-9868-57a2d4851a1d" />
    <TestEntry testId="1bafe1a2-34e3-33f6-f17c-f11101abd457" executionId="f1bb56c7-b01a-456b-af02-30942b0887bb" testListId="8c84fa94-04c1-424b-9868-57a2d4851a1d" />
    <TestEntry testId="e7493313-bfc8-884f-15ab-72ad931beffe" executionId="82580c60-dd55-4d5e-b0cf-6159bf7f2928" testListId="8c84fa94-04c1-424b-9868-57a2d4851a1d" />
    <TestEntry testId="7e37299a-fd8e-fb70-203b-4190c782da6c" executionId="01c264ce-39dc-4176-a37f-e05f7901ee84" testListId="8c84fa94-04c1-424b-9868-57a2d4851a1d" />
    <TestEntry testId="c91399d2-8d0f-811d-5e3c-0df92e71af82" executionId="cdd6fa71-12cf-419b-aae5-0b49bd71cc5c" testListId="8c84fa94-04c1-424b-9868-57a2d4851a1d" />
    <TestEntry testId="5e125474-ab01-500a-d416-5636fe3467cb" executionId="dff0e163-bef4-4cea-9a64-2245c9212fe1" testListId="8c84fa94-04c1-424b-9868-57a2d4851a1d" />
    <TestEntry testId="801f58c3-ef16-bef8-d136-be6768160650" executionId="4bf7563c-d060-4bcd-8941-5caa414afccb" testListId="8c84fa94-04c1-424b-9868-57a2d4851a1d" />
    <TestEntry testId="7b7c1ed0-a6b6-b04e-8983-5b60d2bcbdc8" executionId="a45b22ec-72af-4f1c-a3f8-5a7cef2fe44c" testListId="8c84fa94-04c1-424b-9868-57a2d4851a1d" />
    <TestEntry testId="f92b1a8f-ecce-5f09-f8d6-e198e03f64f7" executionId="b4f3114f-8d9f-48f3-8fb0-a4252715d1b6" testListId="8c84fa94-04c1-424b-9868-57a2d4851a1d" />
    <TestEntry testId="44832629-3e87-7086-3d1f-10aa26bfddcc" executionId="f03f5e76-fe36-42c9-87ff-e45a7ba17465" testListId="8c84fa94-04c1-424b-9868-57a2d4851a1d" />
    <TestEntry testId="08f94b60-a3b4-0a00-ff27-b86fccd40b79" executionId="6177d954-cca3-44e1-8b7e-1126a43f9861" testListId="8c84fa94-04c1-424b-9868-57a2d4851a1d" />
    <TestEntry testId="9ada8ac2-4ed7-4553-2606-9d9328690317" executionId="053bac89-c125-4976-a54a-7dbf2526a9a8" testListId="8c84fa94-04c1-424b-9868-57a2d4851a1d" />
    <TestEntry testId="8f393ebc-258b-c3b0-ea5e-4ef77bb3b960" executionId="f87342fb-a208-4b40-94c3-5222040a5faf" testListId="8c84fa94-04c1-424b-9868-57a2d4851a1d" />
    <TestEntry testId="c15efebe-c6b1-77e9-d548-03e16a6d49b0" executionId="415941c0-a6c6-484e-94b6-a1a483e4c840" testListId="8c84fa94-04c1-424b-9868-57a2d4851a1d" />
    <TestEntry testId="cef738af-fc82-3eb8-835a-7c64aa315619" executionId="66e5ad62-4732-4c68-bbe9-37cb18c51df1" testListId="8c84fa94-04c1-424b-9868-57a2d4851a1d" />
    <TestEntry testId="d685edf8-4a8e-c231-a636-73c1e7b1728f" executionId="14e83143-56e5-4329-af8b-9088292f2ab8" testListId="8c84fa94-04c1-424b-9868-57a2d4851a1d" />
    <TestEntry testId="3827cbea-ca16-bbcb-9069-4c943a61b196" executionId="e92898dd-d9be-4cf2-9c1b-2665b2565957" testListId="8c84fa94-04c1-424b-9868-57a2d4851a1d" />
    <TestEntry testId="820b38f8-d8c2-d048-fd23-f99240d6909c" executionId="9776cf2a-f8a4-4287-a973-8a28fc9adb1d" testListId="8c84fa94-04c1-424b-9868-57a2d4851a1d" />
    <TestEntry testId="cad40f74-99aa-2947-5c01-e6b371d60866" executionId="74e50401-7ebe-41ad-a2f4-90ea3d3f18bf" testListId="8c84fa94-04c1-424b-9868-57a2d4851a1d" />
    <TestEntry testId="d685edf8-4a8e-c231-a636-73c1e7b1728f" executionId="7f8fde76-817d-4dd3-acb5-856429bedcee" testListId="8c84fa94-04c1-424b-9868-57a2d4851a1d" />
    <TestEntry testId="ad1bdcd0-9cec-6a85-057b-0811aa099323" executionId="b3834df0-f29c-492c-b1fe-8368849642eb" testListId="8c84fa94-04c1-424b-9868-57a2d4851a1d" />
    <TestEntry testId="ad1bdcd0-9cec-6a85-057b-0811aa099323" executionId="cac9862c-eec6-460d-a79a-c7ff6b20e479" testListId="8c84fa94-04c1-424b-9868-57a2d4851a1d" />
    <TestEntry testId="d592447e-f135-7a7a-ed33-0ae09b65c67d" executionId="728c2b27-8b1a-4783-9fc4-319d08a0bfb4" testListId="8c84fa94-04c1-424b-9868-57a2d4851a1d" />
    <TestEntry testId="950d3e2d-a2cf-b8cd-f908-037be2d17b05" executionId="43ab5b4a-21f2-4506-b3b5-fb4ab50c3888" testListId="8c84fa94-04c1-424b-9868-57a2d4851a1d" />
    <TestEntry testId="cfee93c5-b024-4300-1eaa-9a615d2dee18" executionId="805b57c0-723b-400c-a637-10f0d5352b9d" testListId="8c84fa94-04c1-424b-9868-57a2d4851a1d" />
    <TestEntry testId="e33b6148-9736-344f-a251-057b9b765a8a" executionId="1598d6e8-7262-404e-ad4a-33524aed7f8b" testListId="8c84fa94-04c1-424b-9868-57a2d4851a1d" />
    <TestEntry testId="e8d9ea37-4d88-e78c-62b1-19cd8f5f9666" executionId="d619bb9f-bf85-4c86-b4de-70e9fb39737e" testListId="8c84fa94-04c1-424b-9868-57a2d4851a1d" />
    <TestEntry testId="2e227548-fee5-7851-6dba-abb6813d9dd3" executionId="0c598b27-4986-40ed-84ec-36680ad1e489" testListId="8c84fa94-04c1-424b-9868-57a2d4851a1d" />
    <TestEntry testId="a44d164e-839a-1422-4a85-5ea5cdf60878" executionId="445937dc-861c-4b12-8b5d-73b88adc2bdb" testListId="8c84fa94-04c1-424b-9868-57a2d4851a1d" />
    <TestEntry testId="53793be9-c221-5c5b-e918-b3df4902c4fa" executionId="2955052b-92d4-4b44-a8d1-5b159340d9ce" testListId="8c84fa94-04c1-424b-9868-57a2d4851a1d" />
    <TestEntry testId="329256be-2f3d-a4c6-7561-63c56d5f3372" executionId="14c3b8a1-3655-4066-80e7-27435600aa5f" testListId="8c84fa94-04c1-424b-9868-57a2d4851a1d" />
    <TestEntry testId="ad79f9de-e846-b4e8-eaa7-2053282605ea" executionId="1d2b8f97-d392-485c-a06b-954085df3077" testListId="8c84fa94-04c1-424b-9868-57a2d4851a1d" />
    <TestEntry testId="1c8c4305-11ba-15f0-f043-a1a3d7746e3a" executionId="9dd85a4f-e8f2-4673-a8e9-80c53c4ac83d" testListId="8c84fa94-04c1-424b-9868-57a2d4851a1d" />
    <TestEntry testId="e67b692d-3cb9-0698-ae09-dd60605c04d7" executionId="9afe2c50-1fe9-4e3f-9250-cc83bb842caa" testListId="8c84fa94-04c1-424b-9868-57a2d4851a1d" />
    <TestEntry testId="5c0ab9d3-f500-b898-e308-9d7c8969a180" executionId="92a364b3-b757-481a-ac9b-b23ddb99242f" testListId="8c84fa94-04c1-424b-9868-57a2d4851a1d" />
    <TestEntry testId="fa570406-cfa7-0add-b49e-c9a4a06a54b5" executionId="a9c64e68-6cfd-4bd4-9e75-227239664373" testListId="8c84fa94-04c1-424b-9868-57a2d4851a1d" />
    <TestEntry testId="eced04a6-d386-8ab1-8bd6-cd84fd66a984" executionId="1e49a3e2-7c51-4ffa-8bff-6afe9e91c2dc" testListId="8c84fa94-04c1-424b-9868-57a2d4851a1d" />
    <TestEntry testId="5dbad467-980c-95c4-690b-f5cc3fbdda57" executionId="385b67ca-cc72-4a02-a9d4-ae4799819672" testListId="8c84fa94-04c1-424b-9868-57a2d4851a1d" />
    <TestEntry testId="811b8100-e768-8731-4201-4c102e08a963" executionId="f4f775ab-adca-4e67-9145-a1a05279806d" testListId="8c84fa94-04c1-424b-9868-57a2d4851a1d" />
    <TestEntry testId="63cbba69-7049-b1ba-00d5-3f7c84f6bd88" executionId="d41cb8df-d47e-4e9e-8864-84ed5eb5777d" testListId="8c84fa94-04c1-424b-9868-57a2d4851a1d" />
    <TestEntry testId="cef738af-fc82-3eb8-835a-7c64aa315619" executionId="c7a0080d-a358-40f8-9f98-7aeff18d3b53" testListId="8c84fa94-04c1-424b-9868-57a2d4851a1d" />
    <TestEntry testId="d685edf8-4a8e-c231-a636-73c1e7b1728f" executionId="a35c821f-d394-4d42-9d01-05cf491faf8b" testListId="8c84fa94-04c1-424b-9868-57a2d4851a1d" />
    <TestEntry testId="68d67ed8-2c71-0766-85f9-a75c1c5300f2" executionId="7ed8257f-c21d-4b74-b906-227ff5d8437e" testListId="8c84fa94-04c1-424b-9868-57a2d4851a1d" />
    <TestEntry testId="9d1c9fe0-b383-64a9-834c-8270233e6288" executionId="0d12bf79-daf3-481f-af30-8fa4f230a963" testListId="8c84fa94-04c1-424b-9868-57a2d4851a1d" />
  </TestEntries>
  <TestLists>
    <TestList name="Results Not in a List" id="8c84fa94-04c1-424b-9868-57a2d4851a1d" />
    <TestList name="All Loaded Results" id="19431567-8539-422a-85d7-44ee4e166bda" />
  </TestLists>
  <ResultSummary outcome="Failed">
    <Counters total="49" executed="49" passed="46" failed="3" error="0" timeout="0" aborted="0" inconclusive="0" passedButRunAborted="0" notRunnable="0" notExecuted="0" disconnected="0" warning="0" completed="0" inProgress="0" pending="0" />
    <Output>
      <StdOut>[xUnit.net 00:00:00.00] xUnit.net VSTest Adapter v2.4.1 (64-bit .NET Core 3.1.1)
[xUnit.net 00:00:00.34]   Discovering: LogCorner.EduSync.Speech.Domain.UnitTest
[xUnit.net 00:00:00.39]   Discovered:  LogCorner.EduSync.Speech.Domain.UnitTest
[xUnit.net 00:00:00.40]   Starting:    LogCorner.EduSync.Speech.Domain.UnitTest
[xUnit.net 00:00:00.55]       Assert.True() Failure
[xUnit.net 00:00:00.55]       Expected: True
[xUnit.net 00:00:00.55]       Actual:   False
[xUnit.net 00:00:00.55]       Stack Trace:
[xUnit.net 00:00:00.55]         C:\Users\Tocane\source\repos\LogCorner.EduSync.Command\src\LogCorner.EduSync.Speech\LogCorner.EduSync.Speech.Domain.UnitTest\Specs\SpeechUnitTest.cs(202,0): at LogCorner.EduSync.Speech.Domain.UnitTest.Specs.SpeechUnitTest.RegisterSpeechWithValidDataRaiseDomainEvent(SpeechType speechType)
[xUnit.net 00:00:00.56]       Assert.True() Failure
[xUnit.net 00:00:00.56]       Expected: True
[xUnit.net 00:00:00.56]       Actual:   False
[xUnit.net 00:00:00.56]       Stack Trace:
[xUnit.net 00:00:00.56]         C:\Users\Tocane\source\repos\LogCorner.EduSync.Command\src\LogCorner.EduSync.Speech\LogCorner.EduSync.Speech.Domain.UnitTest\Specs\SpeechUnitTest.cs(202,0): at LogCorner.EduSync.Speech.Domain.UnitTest.Specs.SpeechUnitTest.RegisterSpeechWithValidDataRaiseDomainEvent(SpeechType speechType)
[xUnit.net 00:00:00.56]       Assert.True() Failure
[xUnit.net 00:00:00.56]       Expected: True
[xUnit.net 00:00:00.56]       Actual:   False
[xUnit.net 00:00:00.56]       Stack Trace:
[xUnit.net 00:00:00.56]         C:\Users\Tocane\source\repos\LogCorner.EduSync.Command\src\LogCorner.EduSync.Speech\LogCorner.EduSync.Speech.Domain.UnitTest\Specs\SpeechUnitTest.cs(202,0): at LogCorner.EduSync.Speech.Domain.UnitTest.Specs.SpeechUnitTest.RegisterSpeechWithValidDataRaiseDomainEvent(SpeechType speechType)
[xUnit.net 00:00:00.57]   Finished:    LogCorner.EduSync.Speech.Domain.UnitTest
</StdOut>
    </Output>
    <RunInfos>
      <RunInfo computerName="5ac375615ea1" outcome="Error" timestamp="2020-02-15T00:32:56.2943203+00:00">
        <Text>[xUnit.net 00:00:00.55]     LogCorner.EduSync.Speech.Domain.UnitTest.Specs.SpeechUnitTest.RegisterSpeechWithValidDataRaiseDomainEvent(speechType: SpeechType { Value = Conferences }) [FAIL]</Text>
      </RunInfo>
      <RunInfo computerName="5ac375615ea1" outcome="Error" timestamp="2020-02-15T00:32:56.2945663+00:00">
        <Text>[xUnit.net 00:00:00.56]     LogCorner.EduSync.Speech.Domain.UnitTest.Specs.SpeechUnitTest.RegisterSpeechWithValidDataRaiseDomainEvent(speechType: SpeechType { Value = SelfPacedLabs }) [FAIL]</Text>
      </RunInfo>
      <RunInfo computerName="5ac375615ea1" outcome="Error" timestamp="2020-02-15T00:32:56.2981091+00:00">
        <Text>[xUnit.net 00:00:00.56]     LogCorner.EduSync.Speech.Domain.UnitTest.Specs.SpeechUnitTest.RegisterSpeechWithValidDataRaiseDomainEvent(speechType: SpeechType { Value = TraingVideo }) [FAIL]</Text>
      </RunInfo>
    </RunInfos>
  </ResultSummary>
</TestRun>